---------------------------------------------------------------
[ 2017-08-06T07:14:29+08:00 ] 172.17.48.222 140.205.205.5 GET /blog/public/
[ info ] www.gcan.top/blog/public/ [运行时间：0.025445s][吞吐率：39.30req/s] [内存消耗：2,145.10kb] [文件加载：45]
[ info ] [ LANG ] /home/wwwroot/www.gcan.top/blog/thinkphp/lang/zh-cn.php
[ info ] [ ROUTE ] array (
  'type' => 'module',
  'module' => 
  array (
    0 => '',
    1 => NULL,
    2 => NULL,
  ),
)
[ info ] [ HEADER ] array (
  'user-agent' => 'Mozilla/5.0 (Windows NT 6.1; WOW64) AppleWebKit/535.11 (KHTML, like Gecko) Chrome/17.0.963.56 Safari/535.11',
  'accept' => 'text/html,application/xhtml+xml,application/xml;q=0.9,*/*;q=0.8',
  'accept-encoding' => 'gzip,deflate',
  'accept-language' => 'en',
  'host' => 'www.gcan.top',
  'content-type' => '',
  'content-length' => '',
)
[ info ] [ PARAM ] array (
)
[ info ] [ RUN ] app\index\controller\Index->index[ /home/wwwroot/www.gcan.top/blog/application/index/controller/Index.php ]
[ info ] [ SESSION ] INIT array (
  'id' => '',
  'var_session_id' => '',
  'prefix' => 'think',
  'type' => '',
  'auto_start' => true,
)
[ info ] [ DB ] INIT mysql
[ info ] [ VIEW ] /home/wwwroot/www.gcan.top/blog/public/../application/index/view/index/index.html [ array (
  0 => 'switch',
  1 => 'account',
  2 => 'access',
  3 => 'recent_article_list',
  4 => 'tag_list',
  5 => 'article_list',
) ]
[ info ] [ LOG ] INIT File
[ sql ] [ DB ] CONNECT:[ UseTime:0.000391s ] mysql:dbname=gcan_sql;host=127.0.0.1;port=3306;charset=utf8
[ sql ] [ SQL ] SHOW COLUMNS FROM `gcan_article` [ RunTime:0.000695s ]
[ sql ] [ SQL ] SELECT * FROM `gcan_article` WHERE  `released` = '1' ORDER BY create_time desc LIMIT 4 [ RunTime:0.000410s ]
[ sql ] [ EXPLAIN : array (
  'id' => 1,
  'select_type' => 'SIMPLE',
  'table' => 'gcan_article',
  'partitions' => NULL,
  'type' => 'ALL',
  'possible_keys' => NULL,
  'key' => NULL,
  'key_len' => NULL,
  'ref' => NULL,
  'rows' => 30,
  'filtered' => 10.0,
  'extra' => 'Using where; Using filesort',
) ]
[ sql ] [ SQL ] SELECT `tag` FROM `gcan_article` [ RunTime:0.000215s ]
[ sql ] [ EXPLAIN : array (
  'id' => 1,
  'select_type' => 'SIMPLE',
  'table' => 'gcan_article',
  'partitions' => NULL,
  'type' => 'ALL',
  'possible_keys' => NULL,
  'key' => NULL,
  'key_len' => NULL,
  'ref' => NULL,
  'rows' => 30,
  'filtered' => 100.0,
  'extra' => NULL,
) ]
[ sql ] [ SQL ] SELECT COUNT(*) AS tp_count FROM `gcan_article` WHERE  `released` = '1' LIMIT 1 [ RunTime:0.000231s ]
[ sql ] [ EXPLAIN : array (
  'id' => 1,
  'select_type' => 'SIMPLE',
  'table' => 'gcan_article',
  'partitions' => NULL,
  'type' => 'ALL',
  'possible_keys' => NULL,
  'key' => NULL,
  'key_len' => NULL,
  'ref' => NULL,
  'rows' => 30,
  'filtered' => 10.0,
  'extra' => 'Using where',
) ]
[ sql ] [ SQL ] SELECT * FROM `gcan_article` WHERE  `released` = '1' ORDER BY create_time desc LIMIT 0,5 [ RunTime:0.000265s ]
[ sql ] [ EXPLAIN : array (
  'id' => 1,
  'select_type' => 'SIMPLE',
  'table' => 'gcan_article',
  'partitions' => NULL,
  'type' => 'ALL',
  'possible_keys' => NULL,
  'key' => NULL,
  'key_len' => NULL,
  'ref' => NULL,
  'rows' => 30,
  'filtered' => 10.0,
  'extra' => 'Using where; Using filesort',
) ]
[ warn ] SQL:SELECT * FROM `gcan_article` WHERE  `released` = :where_released ORDER BY create_time desc LIMIT 4  [Using where; Using filesort]
[ warn ] SQL:SELECT * FROM `gcan_article` WHERE  `released` = :where_released ORDER BY create_time desc LIMIT 0,5  [Using where; Using filesort]
---------------------------------------------------------------
[ 2017-08-06T08:14:53+08:00 ] 172.17.48.222 140.205.205.4 GET /blog/public/
[ info ] www.gcan.top/blog/public/ [运行时间：0.025775s][吞吐率：38.80req/s] [内存消耗：2,145.11kb] [文件加载：45]
[ info ] [ LANG ] /home/wwwroot/www.gcan.top/blog/thinkphp/lang/zh-cn.php
[ info ] [ ROUTE ] array (
  'type' => 'module',
  'module' => 
  array (
    0 => '',
    1 => NULL,
    2 => NULL,
  ),
)
[ info ] [ HEADER ] array (
  'user-agent' => 'Mozilla/4.0 (compatible; MSIE 7.0; Windows NT 6.0; Acoo Browser; SLCC1; .NET CLR 2.0.50727; Media Center PC 5.0; .NET CLR 3.0.04506)',
  'accept' => 'text/html,application/xhtml+xml,application/xml;q=0.9,*/*;q=0.8',
  'accept-encoding' => 'gzip,deflate',
  'accept-language' => 'en',
  'host' => 'www.gcan.top',
  'content-type' => '',
  'content-length' => '',
)
[ info ] [ PARAM ] array (
)
[ info ] [ RUN ] app\index\controller\Index->index[ /home/wwwroot/www.gcan.top/blog/application/index/controller/Index.php ]
[ info ] [ SESSION ] INIT array (
  'id' => '',
  'var_session_id' => '',
  'prefix' => 'think',
  'type' => '',
  'auto_start' => true,
)
[ info ] [ DB ] INIT mysql
[ info ] [ VIEW ] /home/wwwroot/www.gcan.top/blog/public/../application/index/view/index/index.html [ array (
  0 => 'switch',
  1 => 'account',
  2 => 'access',
  3 => 'recent_article_list',
  4 => 'tag_list',
  5 => 'article_list',
) ]
[ info ] [ LOG ] INIT File
[ sql ] [ DB ] CONNECT:[ UseTime:0.000351s ] mysql:dbname=gcan_sql;host=127.0.0.1;port=3306;charset=utf8
[ sql ] [ SQL ] SHOW COLUMNS FROM `gcan_article` [ RunTime:0.000671s ]
[ sql ] [ SQL ] SELECT * FROM `gcan_article` WHERE  `released` = '1' ORDER BY create_time desc LIMIT 4 [ RunTime:0.000361s ]
[ sql ] [ EXPLAIN : array (
  'id' => 1,
  'select_type' => 'SIMPLE',
  'table' => 'gcan_article',
  'partitions' => NULL,
  'type' => 'ALL',
  'possible_keys' => NULL,
  'key' => NULL,
  'key_len' => NULL,
  'ref' => NULL,
  'rows' => 30,
  'filtered' => 10.0,
  'extra' => 'Using where; Using filesort',
) ]
[ sql ] [ SQL ] SELECT `tag` FROM `gcan_article` [ RunTime:0.000183s ]
[ sql ] [ EXPLAIN : array (
  'id' => 1,
  'select_type' => 'SIMPLE',
  'table' => 'gcan_article',
  'partitions' => NULL,
  'type' => 'ALL',
  'possible_keys' => NULL,
  'key' => NULL,
  'key_len' => NULL,
  'ref' => NULL,
  'rows' => 30,
  'filtered' => 100.0,
  'extra' => NULL,
) ]
[ sql ] [ SQL ] SELECT COUNT(*) AS tp_count FROM `gcan_article` WHERE  `released` = '1' LIMIT 1 [ RunTime:0.000238s ]
[ sql ] [ EXPLAIN : array (
  'id' => 1,
  'select_type' => 'SIMPLE',
  'table' => 'gcan_article',
  'partitions' => NULL,
  'type' => 'ALL',
  'possible_keys' => NULL,
  'key' => NULL,
  'key_len' => NULL,
  'ref' => NULL,
  'rows' => 30,
  'filtered' => 10.0,
  'extra' => 'Using where',
) ]
[ sql ] [ SQL ] SELECT * FROM `gcan_article` WHERE  `released` = '1' ORDER BY create_time desc LIMIT 0,5 [ RunTime:0.000269s ]
[ sql ] [ EXPLAIN : array (
  'id' => 1,
  'select_type' => 'SIMPLE',
  'table' => 'gcan_article',
  'partitions' => NULL,
  'type' => 'ALL',
  'possible_keys' => NULL,
  'key' => NULL,
  'key_len' => NULL,
  'ref' => NULL,
  'rows' => 30,
  'filtered' => 10.0,
  'extra' => 'Using where; Using filesort',
) ]
[ warn ] SQL:SELECT * FROM `gcan_article` WHERE  `released` = :where_released ORDER BY create_time desc LIMIT 4  [Using where; Using filesort]
[ warn ] SQL:SELECT * FROM `gcan_article` WHERE  `released` = :where_released ORDER BY create_time desc LIMIT 0,5  [Using where; Using filesort]
---------------------------------------------------------------
[ 2017-08-06T12:49:51+08:00 ] 172.17.48.222 140.205.205.4 GET /blog/public/
[ info ] www.gcan.top/blog/public/ [运行时间：0.025022s][吞吐率：39.96req/s] [内存消耗：2,145.05kb] [文件加载：45]
[ info ] [ LANG ] /home/wwwroot/www.gcan.top/blog/thinkphp/lang/zh-cn.php
[ info ] [ ROUTE ] array (
  'type' => 'module',
  'module' => 
  array (
    0 => '',
    1 => NULL,
    2 => NULL,
  ),
)
[ info ] [ HEADER ] array (
  'user-agent' => 'Mozilla/5.0 (Windows; U; Windows NT 5.1; en-US; rv:1.8.1.2pre) Gecko/20070215 K-Ninja/2.1.1',
  'accept' => 'text/html,application/xhtml+xml,application/xml;q=0.9,*/*;q=0.8',
  'accept-encoding' => 'gzip,deflate',
  'accept-language' => 'en',
  'host' => 'www.gcan.top',
  'content-type' => '',
  'content-length' => '',
)
[ info ] [ PARAM ] array (
)
[ info ] [ RUN ] app\index\controller\Index->index[ /home/wwwroot/www.gcan.top/blog/application/index/controller/Index.php ]
[ info ] [ SESSION ] INIT array (
  'id' => '',
  'var_session_id' => '',
  'prefix' => 'think',
  'type' => '',
  'auto_start' => true,
)
[ info ] [ DB ] INIT mysql
[ info ] [ VIEW ] /home/wwwroot/www.gcan.top/blog/public/../application/index/view/index/index.html [ array (
  0 => 'switch',
  1 => 'account',
  2 => 'access',
  3 => 'recent_article_list',
  4 => 'tag_list',
  5 => 'article_list',
) ]
[ info ] [ LOG ] INIT File
[ sql ] [ DB ] CONNECT:[ UseTime:0.000395s ] mysql:dbname=gcan_sql;host=127.0.0.1;port=3306;charset=utf8
[ sql ] [ SQL ] SHOW COLUMNS FROM `gcan_article` [ RunTime:0.000713s ]
[ sql ] [ SQL ] SELECT * FROM `gcan_article` WHERE  `released` = '1' ORDER BY create_time desc LIMIT 4 [ RunTime:0.000364s ]
[ sql ] [ EXPLAIN : array (
  'id' => 1,
  'select_type' => 'SIMPLE',
  'table' => 'gcan_article',
  'partitions' => NULL,
  'type' => 'ALL',
  'possible_keys' => NULL,
  'key' => NULL,
  'key_len' => NULL,
  'ref' => NULL,
  'rows' => 30,
  'filtered' => 10.0,
  'extra' => 'Using where; Using filesort',
) ]
[ sql ] [ SQL ] SELECT `tag` FROM `gcan_article` [ RunTime:0.000207s ]
[ sql ] [ EXPLAIN : array (
  'id' => 1,
  'select_type' => 'SIMPLE',
  'table' => 'gcan_article',
  'partitions' => NULL,
  'type' => 'ALL',
  'possible_keys' => NULL,
  'key' => NULL,
  'key_len' => NULL,
  'ref' => NULL,
  'rows' => 30,
  'filtered' => 100.0,
  'extra' => NULL,
) ]
[ sql ] [ SQL ] SELECT COUNT(*) AS tp_count FROM `gcan_article` WHERE  `released` = '1' LIMIT 1 [ RunTime:0.000247s ]
[ sql ] [ EXPLAIN : array (
  'id' => 1,
  'select_type' => 'SIMPLE',
  'table' => 'gcan_article',
  'partitions' => NULL,
  'type' => 'ALL',
  'possible_keys' => NULL,
  'key' => NULL,
  'key_len' => NULL,
  'ref' => NULL,
  'rows' => 30,
  'filtered' => 10.0,
  'extra' => 'Using where',
) ]
[ sql ] [ SQL ] SELECT * FROM `gcan_article` WHERE  `released` = '1' ORDER BY create_time desc LIMIT 0,5 [ RunTime:0.000278s ]
[ sql ] [ EXPLAIN : array (
  'id' => 1,
  'select_type' => 'SIMPLE',
  'table' => 'gcan_article',
  'partitions' => NULL,
  'type' => 'ALL',
  'possible_keys' => NULL,
  'key' => NULL,
  'key_len' => NULL,
  'ref' => NULL,
  'rows' => 30,
  'filtered' => 10.0,
  'extra' => 'Using where; Using filesort',
) ]
[ warn ] SQL:SELECT * FROM `gcan_article` WHERE  `released` = :where_released ORDER BY create_time desc LIMIT 4  [Using where; Using filesort]
[ warn ] SQL:SELECT * FROM `gcan_article` WHERE  `released` = :where_released ORDER BY create_time desc LIMIT 0,5  [Using where; Using filesort]
---------------------------------------------------------------
[ 2017-08-06T14:01:10+08:00 ] 172.17.48.222 140.205.205.4 GET /blog/public/
[ info ] www.gcan.top/blog/public/ [运行时间：0.025038s][吞吐率：39.94req/s] [内存消耗：2,145.11kb] [文件加载：45]
[ info ] [ LANG ] /home/wwwroot/www.gcan.top/blog/thinkphp/lang/zh-cn.php
[ info ] [ ROUTE ] array (
  'type' => 'module',
  'module' => 
  array (
    0 => '',
    1 => NULL,
    2 => NULL,
  ),
)
[ info ] [ HEADER ] array (
  'user-agent' => 'Mozilla/4.0 (compatible; MSIE 7.0b; Windows NT 5.2; .NET CLR 1.1.4322; .NET CLR 2.0.50727; InfoPath.2; .NET CLR 3.0.04506.30)',
  'accept' => 'text/html,application/xhtml+xml,application/xml;q=0.9,*/*;q=0.8',
  'accept-encoding' => 'gzip,deflate',
  'accept-language' => 'en',
  'host' => 'www.gcan.top',
  'content-type' => '',
  'content-length' => '',
)
[ info ] [ PARAM ] array (
)
[ info ] [ RUN ] app\index\controller\Index->index[ /home/wwwroot/www.gcan.top/blog/application/index/controller/Index.php ]
[ info ] [ SESSION ] INIT array (
  'id' => '',
  'var_session_id' => '',
  'prefix' => 'think',
  'type' => '',
  'auto_start' => true,
)
[ info ] [ DB ] INIT mysql
[ info ] [ VIEW ] /home/wwwroot/www.gcan.top/blog/public/../application/index/view/index/index.html [ array (
  0 => 'switch',
  1 => 'account',
  2 => 'access',
  3 => 'recent_article_list',
  4 => 'tag_list',
  5 => 'article_list',
) ]
[ info ] [ LOG ] INIT File
[ sql ] [ DB ] CONNECT:[ UseTime:0.000491s ] mysql:dbname=gcan_sql;host=127.0.0.1;port=3306;charset=utf8
[ sql ] [ SQL ] SHOW COLUMNS FROM `gcan_article` [ RunTime:0.000778s ]
[ sql ] [ SQL ] SELECT * FROM `gcan_article` WHERE  `released` = '1' ORDER BY create_time desc LIMIT 4 [ RunTime:0.000403s ]
[ sql ] [ EXPLAIN : array (
  'id' => 1,
  'select_type' => 'SIMPLE',
  'table' => 'gcan_article',
  'partitions' => NULL,
  'type' => 'ALL',
  'possible_keys' => NULL,
  'key' => NULL,
  'key_len' => NULL,
  'ref' => NULL,
  'rows' => 30,
  'filtered' => 10.0,
  'extra' => 'Using where; Using filesort',
) ]
[ sql ] [ SQL ] SELECT `tag` FROM `gcan_article` [ RunTime:0.000193s ]
[ sql ] [ EXPLAIN : array (
  'id' => 1,
  'select_type' => 'SIMPLE',
  'table' => 'gcan_article',
  'partitions' => NULL,
  'type' => 'ALL',
  'possible_keys' => NULL,
  'key' => NULL,
  'key_len' => NULL,
  'ref' => NULL,
  'rows' => 30,
  'filtered' => 100.0,
  'extra' => NULL,
) ]
[ sql ] [ SQL ] SELECT COUNT(*) AS tp_count FROM `gcan_article` WHERE  `released` = '1' LIMIT 1 [ RunTime:0.000227s ]
[ sql ] [ EXPLAIN : array (
  'id' => 1,
  'select_type' => 'SIMPLE',
  'table' => 'gcan_article',
  'partitions' => NULL,
  'type' => 'ALL',
  'possible_keys' => NULL,
  'key' => NULL,
  'key_len' => NULL,
  'ref' => NULL,
  'rows' => 30,
  'filtered' => 10.0,
  'extra' => 'Using where',
) ]
[ sql ] [ SQL ] SELECT * FROM `gcan_article` WHERE  `released` = '1' ORDER BY create_time desc LIMIT 0,5 [ RunTime:0.000273s ]
[ sql ] [ EXPLAIN : array (
  'id' => 1,
  'select_type' => 'SIMPLE',
  'table' => 'gcan_article',
  'partitions' => NULL,
  'type' => 'ALL',
  'possible_keys' => NULL,
  'key' => NULL,
  'key_len' => NULL,
  'ref' => NULL,
  'rows' => 30,
  'filtered' => 10.0,
  'extra' => 'Using where; Using filesort',
) ]
[ warn ] SQL:SELECT * FROM `gcan_article` WHERE  `released` = :where_released ORDER BY create_time desc LIMIT 4  [Using where; Using filesort]
[ warn ] SQL:SELECT * FROM `gcan_article` WHERE  `released` = :where_released ORDER BY create_time desc LIMIT 0,5  [Using where; Using filesort]
