---------------------------------------------------------------
[ 2017-08-09T04:03:09+08:00 ] 172.17.48.222 157.55.39.215 GET /blog/public/
[ info ] www.gcan.top/blog/public/ [运行时间：0.026548s][吞吐率：37.67req/s] [内存消耗：2,146.75kb] [文件加载：45]
[ info ] [ LANG ] /home/wwwroot/www.gcan.top/blog/thinkphp/lang/zh-cn.php
[ info ] [ ROUTE ] array (
  'type' => 'module',
  'module' => 
  array (
    0 => '',
    1 => NULL,
    2 => NULL,
  ),
)
[ info ] [ HEADER ] array (
  'user-agent' => 'Mozilla/5.0 (compatible; bingbot/2.0; +http://www.bing.com/bingbot.htm)',
  'host' => 'www.gcan.top',
  'accept-encoding' => 'gzip, deflate',
  'accept' => '*/*',
  'pragma' => 'no-cache',
  'connection' => 'Keep-Alive',
  'cache-control' => 'no-cache',
  'content-type' => '',
  'content-length' => '',
)
[ info ] [ PARAM ] array (
)
[ info ] [ RUN ] app\index\controller\Index->index[ /home/wwwroot/www.gcan.top/blog/application/index/controller/Index.php ]
[ info ] [ SESSION ] INIT array (
  'id' => '',
  'var_session_id' => '',
  'prefix' => 'think',
  'type' => '',
  'auto_start' => true,
)
[ info ] [ DB ] INIT mysql
[ info ] [ VIEW ] /home/wwwroot/www.gcan.top/blog/public/../application/index/view/index/index.html [ array (
  0 => 'switch',
  1 => 'account',
  2 => 'access',
  3 => 'recent_article_list',
  4 => 'tag_list',
  5 => 'article_list',
) ]
[ info ] [ LOG ] INIT File
[ sql ] [ DB ] CONNECT:[ UseTime:0.000388s ] mysql:dbname=gcan_sql;host=127.0.0.1;port=3306;charset=utf8
[ sql ] [ SQL ] SHOW COLUMNS FROM `gcan_article` [ RunTime:0.000695s ]
[ sql ] [ SQL ] SELECT * FROM `gcan_article` WHERE  `released` = '1' ORDER BY create_time desc LIMIT 4 [ RunTime:0.000382s ]
[ sql ] [ EXPLAIN : array (
  'id' => 1,
  'select_type' => 'SIMPLE',
  'table' => 'gcan_article',
  'partitions' => NULL,
  'type' => 'ALL',
  'possible_keys' => NULL,
  'key' => NULL,
  'key_len' => NULL,
  'ref' => NULL,
  'rows' => 30,
  'filtered' => 10.0,
  'extra' => 'Using where; Using filesort',
) ]
[ sql ] [ SQL ] SELECT `tag` FROM `gcan_article` [ RunTime:0.000184s ]
[ sql ] [ EXPLAIN : array (
  'id' => 1,
  'select_type' => 'SIMPLE',
  'table' => 'gcan_article',
  'partitions' => NULL,
  'type' => 'ALL',
  'possible_keys' => NULL,
  'key' => NULL,
  'key_len' => NULL,
  'ref' => NULL,
  'rows' => 30,
  'filtered' => 100.0,
  'extra' => NULL,
) ]
[ sql ] [ SQL ] SELECT COUNT(*) AS tp_count FROM `gcan_article` WHERE  `released` = '1' LIMIT 1 [ RunTime:0.000254s ]
[ sql ] [ EXPLAIN : array (
  'id' => 1,
  'select_type' => 'SIMPLE',
  'table' => 'gcan_article',
  'partitions' => NULL,
  'type' => 'ALL',
  'possible_keys' => NULL,
  'key' => NULL,
  'key_len' => NULL,
  'ref' => NULL,
  'rows' => 30,
  'filtered' => 10.0,
  'extra' => 'Using where',
) ]
[ sql ] [ SQL ] SELECT * FROM `gcan_article` WHERE  `released` = '1' ORDER BY create_time desc LIMIT 0,5 [ RunTime:0.000274s ]
[ sql ] [ EXPLAIN : array (
  'id' => 1,
  'select_type' => 'SIMPLE',
  'table' => 'gcan_article',
  'partitions' => NULL,
  'type' => 'ALL',
  'possible_keys' => NULL,
  'key' => NULL,
  'key_len' => NULL,
  'ref' => NULL,
  'rows' => 30,
  'filtered' => 10.0,
  'extra' => 'Using where; Using filesort',
) ]
[ warn ] SQL:SELECT * FROM `gcan_article` WHERE  `released` = :where_released ORDER BY create_time desc LIMIT 4  [Using where; Using filesort]
[ warn ] SQL:SELECT * FROM `gcan_article` WHERE  `released` = :where_released ORDER BY create_time desc LIMIT 0,5  [Using where; Using filesort]
---------------------------------------------------------------
[ 2017-08-09T10:32:33+08:00 ] 172.17.48.222 60.29.18.51 GET /blog/public/
[ info ] www.gcan.top/blog/public/ [运行时间：0.025177s][吞吐率：39.72req/s] [内存消耗：2,148.03kb] [文件加载：45]
[ info ] [ LANG ] /home/wwwroot/www.gcan.top/blog/thinkphp/lang/zh-cn.php
[ info ] [ ROUTE ] array (
  'type' => 'module',
  'module' => 
  array (
    0 => '',
    1 => NULL,
    2 => NULL,
  ),
)
[ info ] [ HEADER ] array (
  'cookie' => 'Hm_lvt_e259303fc49d5b01efef69eb352b749d=1502245894; Hm_lpvt_e259303fc49d5b01efef69eb352b749d=1502245894',
  'accept-language' => 'zh-CN,zh;q=0.8',
  'accept-encoding' => 'gzip, deflate, sdch',
  'referer' => 'http://www.gcan.top/',
  'user-agent' => 'Mozilla/5.0 (Windows NT 6.1; WOW64) AppleWebKit/537.36 (KHTML, like Gecko) Chrome/45.0.2454.101 Safari/537.36',
  'upgrade-insecure-requests' => '1',
  'accept' => 'text/html,application/xhtml+xml,application/xml;q=0.9,image/webp,*/*;q=0.8',
  'connection' => 'keep-alive',
  'host' => 'www.gcan.top',
  'content-type' => '',
  'content-length' => '',
)
[ info ] [ PARAM ] array (
)
[ info ] [ RUN ] app\index\controller\Index->index[ /home/wwwroot/www.gcan.top/blog/application/index/controller/Index.php ]
[ info ] [ SESSION ] INIT array (
  'id' => '',
  'var_session_id' => '',
  'prefix' => 'think',
  'type' => '',
  'auto_start' => true,
)
[ info ] [ DB ] INIT mysql
[ info ] [ VIEW ] /home/wwwroot/www.gcan.top/blog/public/../application/index/view/index/index.html [ array (
  0 => 'switch',
  1 => 'account',
  2 => 'access',
  3 => 'recent_article_list',
  4 => 'tag_list',
  5 => 'article_list',
) ]
[ info ] [ LOG ] INIT File
[ sql ] [ DB ] CONNECT:[ UseTime:0.000348s ] mysql:dbname=gcan_sql;host=127.0.0.1;port=3306;charset=utf8
[ sql ] [ SQL ] SHOW COLUMNS FROM `gcan_article` [ RunTime:0.000662s ]
[ sql ] [ SQL ] SELECT * FROM `gcan_article` WHERE  `released` = '1' ORDER BY create_time desc LIMIT 4 [ RunTime:0.000353s ]
[ sql ] [ EXPLAIN : array (
  'id' => 1,
  'select_type' => 'SIMPLE',
  'table' => 'gcan_article',
  'partitions' => NULL,
  'type' => 'ALL',
  'possible_keys' => NULL,
  'key' => NULL,
  'key_len' => NULL,
  'ref' => NULL,
  'rows' => 30,
  'filtered' => 10.0,
  'extra' => 'Using where; Using filesort',
) ]
[ sql ] [ SQL ] SELECT `tag` FROM `gcan_article` [ RunTime:0.000182s ]
[ sql ] [ EXPLAIN : array (
  'id' => 1,
  'select_type' => 'SIMPLE',
  'table' => 'gcan_article',
  'partitions' => NULL,
  'type' => 'ALL',
  'possible_keys' => NULL,
  'key' => NULL,
  'key_len' => NULL,
  'ref' => NULL,
  'rows' => 30,
  'filtered' => 100.0,
  'extra' => NULL,
) ]
[ sql ] [ SQL ] SELECT COUNT(*) AS tp_count FROM `gcan_article` WHERE  `released` = '1' LIMIT 1 [ RunTime:0.000216s ]
[ sql ] [ EXPLAIN : array (
  'id' => 1,
  'select_type' => 'SIMPLE',
  'table' => 'gcan_article',
  'partitions' => NULL,
  'type' => 'ALL',
  'possible_keys' => NULL,
  'key' => NULL,
  'key_len' => NULL,
  'ref' => NULL,
  'rows' => 30,
  'filtered' => 10.0,
  'extra' => 'Using where',
) ]
[ sql ] [ SQL ] SELECT * FROM `gcan_article` WHERE  `released` = '1' ORDER BY create_time desc LIMIT 0,5 [ RunTime:0.000278s ]
[ sql ] [ EXPLAIN : array (
  'id' => 1,
  'select_type' => 'SIMPLE',
  'table' => 'gcan_article',
  'partitions' => NULL,
  'type' => 'ALL',
  'possible_keys' => NULL,
  'key' => NULL,
  'key_len' => NULL,
  'ref' => NULL,
  'rows' => 30,
  'filtered' => 10.0,
  'extra' => 'Using where; Using filesort',
) ]
[ warn ] SQL:SELECT * FROM `gcan_article` WHERE  `released` = :where_released ORDER BY create_time desc LIMIT 4  [Using where; Using filesort]
[ warn ] SQL:SELECT * FROM `gcan_article` WHERE  `released` = :where_released ORDER BY create_time desc LIMIT 0,5  [Using where; Using filesort]
---------------------------------------------------------------
[ 2017-08-09T10:32:47+08:00 ] 172.17.48.222 60.29.18.51 GET /blog/public/index/index/search?search=phps
[ info ] www.gcan.top/blog/public/index/index/search?search=phps [运行时间：0.023874s][吞吐率：41.89req/s] [内存消耗：2,153.16kb] [文件加载：45]
[ info ] [ LANG ] /home/wwwroot/www.gcan.top/blog/thinkphp/lang/zh-cn.php
[ info ] [ ROUTE ] array (
  'type' => 'module',
  'module' => 
  array (
    0 => 'index',
    1 => 'index',
    2 => 'search',
  ),
)
[ info ] [ HEADER ] array (
  'cookie' => 'Hm_lvt_e259303fc49d5b01efef69eb352b749d=1502245894; Hm_lpvt_e259303fc49d5b01efef69eb352b749d=1502245894; PHPSESSID=rdf0gssj6tgnvdo3o8t96poums',
  'accept-language' => 'zh-CN,zh;q=0.8',
  'accept-encoding' => 'gzip, deflate, sdch',
  'referer' => 'http://www.gcan.top/blog/public/',
  'user-agent' => 'Mozilla/5.0 (Windows NT 6.1; WOW64) AppleWebKit/537.36 (KHTML, like Gecko) Chrome/45.0.2454.101 Safari/537.36',
  'upgrade-insecure-requests' => '1',
  'accept' => 'text/html,application/xhtml+xml,application/xml;q=0.9,image/webp,*/*;q=0.8',
  'connection' => 'keep-alive',
  'host' => 'www.gcan.top',
  'content-type' => '',
  'content-length' => '',
)
[ info ] [ PARAM ] array (
  'search' => 'phps',
)
[ info ] [ RUN ] app\index\controller\Index->search[ /home/wwwroot/www.gcan.top/blog/application/index/controller/Index.php ]
[ info ] [ SESSION ] INIT array (
  'id' => '',
  'var_session_id' => '',
  'prefix' => 'think',
  'type' => '',
  'auto_start' => true,
)
[ info ] [ DB ] INIT mysql
[ info ] [ VIEW ] /home/wwwroot/www.gcan.top/blog/public/../application/index/view/index/search.html [ array (
  0 => 'switch',
  1 => 'account',
  2 => 'access',
  3 => 'recent_article_list',
  4 => 'tag_list',
  5 => 'article_list',
  6 => 'search',
) ]
[ info ] [ LOG ] INIT File
[ sql ] [ DB ] CONNECT:[ UseTime:0.000374s ] mysql:dbname=gcan_sql;host=127.0.0.1;port=3306;charset=utf8
[ sql ] [ SQL ] SHOW COLUMNS FROM `gcan_article` [ RunTime:0.000655s ]
[ sql ] [ SQL ] SELECT * FROM `gcan_article` WHERE  `released` = '1' ORDER BY create_time desc LIMIT 4 [ RunTime:0.000349s ]
[ sql ] [ EXPLAIN : array (
  'id' => 1,
  'select_type' => 'SIMPLE',
  'table' => 'gcan_article',
  'partitions' => NULL,
  'type' => 'ALL',
  'possible_keys' => NULL,
  'key' => NULL,
  'key_len' => NULL,
  'ref' => NULL,
  'rows' => 30,
  'filtered' => 10.0,
  'extra' => 'Using where; Using filesort',
) ]
[ sql ] [ SQL ] SELECT `tag` FROM `gcan_article` [ RunTime:0.000185s ]
[ sql ] [ EXPLAIN : array (
  'id' => 1,
  'select_type' => 'SIMPLE',
  'table' => 'gcan_article',
  'partitions' => NULL,
  'type' => 'ALL',
  'possible_keys' => NULL,
  'key' => NULL,
  'key_len' => NULL,
  'ref' => NULL,
  'rows' => 30,
  'filtered' => 100.0,
  'extra' => NULL,
) ]
[ sql ] [ SQL ] SELECT COUNT(*) AS tp_count FROM `gcan_article` WHERE  ( `title` LIKE '%phps%' OR `author` LIKE '%phps%' OR `tag` LIKE '%phps%' OR `create_time` LIKE '%phps%' )  AND `released` = '1' LIMIT 1 [ RunTime:0.000312s ]
[ sql ] [ EXPLAIN : array (
  'id' => 1,
  'select_type' => 'SIMPLE',
  'table' => 'gcan_article',
  'partitions' => NULL,
  'type' => 'ALL',
  'possible_keys' => NULL,
  'key' => NULL,
  'key_len' => NULL,
  'ref' => NULL,
  'rows' => 30,
  'filtered' => 3.756737232208252,
  'extra' => 'Using where',
) ]
[ sql ] [ SQL ] SELECT * FROM `gcan_article` WHERE  ( `title` LIKE '%phps%' OR `author` LIKE '%phps%' OR `tag` LIKE '%phps%' OR `create_time` LIKE '%phps%' )  AND `released` = '1' ORDER BY create_time desc LIMIT 0,5 [ RunTime:0.000310s ]
[ sql ] [ EXPLAIN : array (
  'id' => 1,
  'select_type' => 'SIMPLE',
  'table' => 'gcan_article',
  'partitions' => NULL,
  'type' => 'ALL',
  'possible_keys' => NULL,
  'key' => NULL,
  'key_len' => NULL,
  'ref' => NULL,
  'rows' => 30,
  'filtered' => 3.756737232208252,
  'extra' => 'Using where; Using filesort',
) ]
[ warn ] SQL:SELECT * FROM `gcan_article` WHERE  `released` = :where_released ORDER BY create_time desc LIMIT 4  [Using where; Using filesort]
[ warn ] SQL:SELECT * FROM `gcan_article` WHERE  ( `title` LIKE :where_title OR `author` LIKE :where_author OR `tag` LIKE :where_tag OR `create_time` LIKE :where_create_time )  AND `released` = :where_released ORDER BY create_time desc LIMIT 0,5  [Using where; Using filesort]
---------------------------------------------------------------
[ 2017-08-09T10:33:43+08:00 ] 172.17.48.222 117.185.27.113 GET /blog/public/
[ info ] www.gcan.top/blog/public/ [运行时间：0.026213s][吞吐率：38.15req/s] [内存消耗：2,147.62kb] [文件加载：45]
[ info ] [ LANG ] /home/wwwroot/www.gcan.top/blog/thinkphp/lang/zh-cn.php
[ info ] [ ROUTE ] array (
  'type' => 'module',
  'module' => 
  array (
    0 => '',
    1 => NULL,
    2 => NULL,
  ),
)
[ info ] [ HEADER ] array (
  'connection' => 'keep-alive',
  'host' => 'www.gcan.top',
  'accept-language' => 'en,*',
  'accept-encoding' => 'gzip, deflate',
  'cookie' => 'Hm_lvt_e259303fc49d5b01efef69eb352b749d=1502246023; Hm_lpvt_e259303fc49d5b01efef69eb352b749d=1502246023',
  'user-agent' => 'Mozilla/5.0 (iPhone; CPU iPhone OS 8_4 like Mac OS X) AppleWebKit/600.1.4 (KHTML, like Gecko) Version/8.0 Mobile/12H143 Safari/600.1.4',
  'referer' => 'http://www.gcan.top/',
  'accept' => 'text/html,application/xhtml+xml,application/xml;q=0.9,*/*;q=0.8',
  'content-type' => '',
  'content-length' => '',
)
[ info ] [ PARAM ] array (
)
[ info ] [ RUN ] app\index\controller\Index->index[ /home/wwwroot/www.gcan.top/blog/application/index/controller/Index.php ]
[ info ] [ SESSION ] INIT array (
  'id' => '',
  'var_session_id' => '',
  'prefix' => 'think',
  'type' => '',
  'auto_start' => true,
)
[ info ] [ DB ] INIT mysql
[ info ] [ VIEW ] /home/wwwroot/www.gcan.top/blog/public/../application/index/view/index/index.html [ array (
  0 => 'switch',
  1 => 'account',
  2 => 'access',
  3 => 'recent_article_list',
  4 => 'tag_list',
  5 => 'article_list',
) ]
[ info ] [ LOG ] INIT File
[ sql ] [ DB ] CONNECT:[ UseTime:0.000415s ] mysql:dbname=gcan_sql;host=127.0.0.1;port=3306;charset=utf8
[ sql ] [ SQL ] SHOW COLUMNS FROM `gcan_article` [ RunTime:0.000689s ]
[ sql ] [ SQL ] SELECT * FROM `gcan_article` WHERE  `released` = '1' ORDER BY create_time desc LIMIT 4 [ RunTime:0.000366s ]
[ sql ] [ EXPLAIN : array (
  'id' => 1,
  'select_type' => 'SIMPLE',
  'table' => 'gcan_article',
  'partitions' => NULL,
  'type' => 'ALL',
  'possible_keys' => NULL,
  'key' => NULL,
  'key_len' => NULL,
  'ref' => NULL,
  'rows' => 30,
  'filtered' => 10.0,
  'extra' => 'Using where; Using filesort',
) ]
[ sql ] [ SQL ] SELECT `tag` FROM `gcan_article` [ RunTime:0.000227s ]
[ sql ] [ EXPLAIN : array (
  'id' => 1,
  'select_type' => 'SIMPLE',
  'table' => 'gcan_article',
  'partitions' => NULL,
  'type' => 'ALL',
  'possible_keys' => NULL,
  'key' => NULL,
  'key_len' => NULL,
  'ref' => NULL,
  'rows' => 30,
  'filtered' => 100.0,
  'extra' => NULL,
) ]
[ sql ] [ SQL ] SELECT COUNT(*) AS tp_count FROM `gcan_article` WHERE  `released` = '1' LIMIT 1 [ RunTime:0.000243s ]
[ sql ] [ EXPLAIN : array (
  'id' => 1,
  'select_type' => 'SIMPLE',
  'table' => 'gcan_article',
  'partitions' => NULL,
  'type' => 'ALL',
  'possible_keys' => NULL,
  'key' => NULL,
  'key_len' => NULL,
  'ref' => NULL,
  'rows' => 30,
  'filtered' => 10.0,
  'extra' => 'Using where',
) ]
[ sql ] [ SQL ] SELECT * FROM `gcan_article` WHERE  `released` = '1' ORDER BY create_time desc LIMIT 0,5 [ RunTime:0.000272s ]
[ sql ] [ EXPLAIN : array (
  'id' => 1,
  'select_type' => 'SIMPLE',
  'table' => 'gcan_article',
  'partitions' => NULL,
  'type' => 'ALL',
  'possible_keys' => NULL,
  'key' => NULL,
  'key_len' => NULL,
  'ref' => NULL,
  'rows' => 30,
  'filtered' => 10.0,
  'extra' => 'Using where; Using filesort',
) ]
[ warn ] SQL:SELECT * FROM `gcan_article` WHERE  `released` = :where_released ORDER BY create_time desc LIMIT 4  [Using where; Using filesort]
[ warn ] SQL:SELECT * FROM `gcan_article` WHERE  `released` = :where_released ORDER BY create_time desc LIMIT 0,5  [Using where; Using filesort]
---------------------------------------------------------------
[ 2017-08-09T10:33:59+08:00 ] 172.17.48.222 140.207.124.105 GET /blog/public/
[ info ] www.gcan.top/blog/public/ [运行时间：0.025288s][吞吐率：39.54req/s] [内存消耗：2,147.10kb] [文件加载：45]
[ info ] [ LANG ] /home/wwwroot/www.gcan.top/blog/thinkphp/lang/zh-cn.php
[ info ] [ ROUTE ] array (
  'type' => 'module',
  'module' => 
  array (
    0 => '',
    1 => NULL,
    2 => NULL,
  ),
)
[ info ] [ HEADER ] array (
  'connection' => 'keep-alive',
  'host' => 'www.gcan.top',
  'accept-language' => 'zh-CN,zh;q=0.8,en-US;q=0.6,en;q=0.4',
  'referer' => 'http://www.gcan.top/blog/public',
  'accept-encoding' => 'gzip, deflate, sdch, br',
  'accept' => '*/*',
  'user-agent' => 'Mozilla/5.0 (Macintosh; Intel Mac OS X 10_12_4) AppleWebKit/537.36 (KHTML, like Gecko) 			Chrome/55.0.2883.95 Safari/537.36',
  'content-type' => '',
  'content-length' => '',
)
[ info ] [ PARAM ] array (
)
[ info ] [ RUN ] app\index\controller\Index->index[ /home/wwwroot/www.gcan.top/blog/application/index/controller/Index.php ]
[ info ] [ SESSION ] INIT array (
  'id' => '',
  'var_session_id' => '',
  'prefix' => 'think',
  'type' => '',
  'auto_start' => true,
)
[ info ] [ DB ] INIT mysql
[ info ] [ VIEW ] /home/wwwroot/www.gcan.top/blog/public/../application/index/view/index/index.html [ array (
  0 => 'switch',
  1 => 'account',
  2 => 'access',
  3 => 'recent_article_list',
  4 => 'tag_list',
  5 => 'article_list',
) ]
[ info ] [ LOG ] INIT File
[ sql ] [ DB ] CONNECT:[ UseTime:0.000447s ] mysql:dbname=gcan_sql;host=127.0.0.1;port=3306;charset=utf8
[ sql ] [ SQL ] SHOW COLUMNS FROM `gcan_article` [ RunTime:0.000710s ]
[ sql ] [ SQL ] SELECT * FROM `gcan_article` WHERE  `released` = '1' ORDER BY create_time desc LIMIT 4 [ RunTime:0.000367s ]
[ sql ] [ EXPLAIN : array (
  'id' => 1,
  'select_type' => 'SIMPLE',
  'table' => 'gcan_article',
  'partitions' => NULL,
  'type' => 'ALL',
  'possible_keys' => NULL,
  'key' => NULL,
  'key_len' => NULL,
  'ref' => NULL,
  'rows' => 30,
  'filtered' => 10.0,
  'extra' => 'Using where; Using filesort',
) ]
[ sql ] [ SQL ] SELECT `tag` FROM `gcan_article` [ RunTime:0.000211s ]
[ sql ] [ EXPLAIN : array (
  'id' => 1,
  'select_type' => 'SIMPLE',
  'table' => 'gcan_article',
  'partitions' => NULL,
  'type' => 'ALL',
  'possible_keys' => NULL,
  'key' => NULL,
  'key_len' => NULL,
  'ref' => NULL,
  'rows' => 30,
  'filtered' => 100.0,
  'extra' => NULL,
) ]
[ sql ] [ SQL ] SELECT COUNT(*) AS tp_count FROM `gcan_article` WHERE  `released` = '1' LIMIT 1 [ RunTime:0.000229s ]
[ sql ] [ EXPLAIN : array (
  'id' => 1,
  'select_type' => 'SIMPLE',
  'table' => 'gcan_article',
  'partitions' => NULL,
  'type' => 'ALL',
  'possible_keys' => NULL,
  'key' => NULL,
  'key_len' => NULL,
  'ref' => NULL,
  'rows' => 30,
  'filtered' => 10.0,
  'extra' => 'Using where',
) ]
[ sql ] [ SQL ] SELECT * FROM `gcan_article` WHERE  `released` = '1' ORDER BY create_time desc LIMIT 0,5 [ RunTime:0.000275s ]
[ sql ] [ EXPLAIN : array (
  'id' => 1,
  'select_type' => 'SIMPLE',
  'table' => 'gcan_article',
  'partitions' => NULL,
  'type' => 'ALL',
  'possible_keys' => NULL,
  'key' => NULL,
  'key_len' => NULL,
  'ref' => NULL,
  'rows' => 30,
  'filtered' => 10.0,
  'extra' => 'Using where; Using filesort',
) ]
[ warn ] SQL:SELECT * FROM `gcan_article` WHERE  `released` = :where_released ORDER BY create_time desc LIMIT 4  [Using where; Using filesort]
[ warn ] SQL:SELECT * FROM `gcan_article` WHERE  `released` = :where_released ORDER BY create_time desc LIMIT 0,5  [Using where; Using filesort]
---------------------------------------------------------------
[ 2017-08-09T10:48:04+08:00 ] 172.17.48.222 60.29.18.51 GET /blog/public/
[ info ] www.gcan.top/blog/public/ [运行时间：0.024335s][吞吐率：41.09req/s] [内存消耗：2,148.05kb] [文件加载：45]
[ info ] [ LANG ] /home/wwwroot/www.gcan.top/blog/thinkphp/lang/zh-cn.php
[ info ] [ ROUTE ] array (
  'type' => 'module',
  'module' => 
  array (
    0 => '',
    1 => NULL,
    2 => NULL,
  ),
)
[ info ] [ HEADER ] array (
  'cookie' => 'PHPSESSID=rdf0gssj6tgnvdo3o8t96poums; Hm_lvt_e259303fc49d5b01efef69eb352b749d=1502245894; Hm_lpvt_e259303fc49d5b01efef69eb352b749d=1502246824',
  'accept-language' => 'zh-CN,zh;q=0.8',
  'accept-encoding' => 'gzip, deflate, sdch',
  'referer' => 'http://www.gcan.top/',
  'user-agent' => 'Mozilla/5.0 (Windows NT 6.1; WOW64) AppleWebKit/537.36 (KHTML, like Gecko) Chrome/45.0.2454.101 Safari/537.36',
  'upgrade-insecure-requests' => '1',
  'accept' => 'text/html,application/xhtml+xml,application/xml;q=0.9,image/webp,*/*;q=0.8',
  'connection' => 'keep-alive',
  'host' => 'www.gcan.top',
  'content-type' => '',
  'content-length' => '',
)
[ info ] [ PARAM ] array (
)
[ info ] [ RUN ] app\index\controller\Index->index[ /home/wwwroot/www.gcan.top/blog/application/index/controller/Index.php ]
[ info ] [ SESSION ] INIT array (
  'id' => '',
  'var_session_id' => '',
  'prefix' => 'think',
  'type' => '',
  'auto_start' => true,
)
[ info ] [ DB ] INIT mysql
[ info ] [ VIEW ] /home/wwwroot/www.gcan.top/blog/public/../application/index/view/index/index.html [ array (
  0 => 'switch',
  1 => 'account',
  2 => 'access',
  3 => 'recent_article_list',
  4 => 'tag_list',
  5 => 'article_list',
) ]
[ info ] [ LOG ] INIT File
[ sql ] [ DB ] CONNECT:[ UseTime:0.000339s ] mysql:dbname=gcan_sql;host=127.0.0.1;port=3306;charset=utf8
[ sql ] [ SQL ] SHOW COLUMNS FROM `gcan_article` [ RunTime:0.000646s ]
[ sql ] [ SQL ] SELECT * FROM `gcan_article` WHERE  `released` = '1' ORDER BY create_time desc LIMIT 4 [ RunTime:0.000356s ]
[ sql ] [ EXPLAIN : array (
  'id' => 1,
  'select_type' => 'SIMPLE',
  'table' => 'gcan_article',
  'partitions' => NULL,
  'type' => 'ALL',
  'possible_keys' => NULL,
  'key' => NULL,
  'key_len' => NULL,
  'ref' => NULL,
  'rows' => 30,
  'filtered' => 10.0,
  'extra' => 'Using where; Using filesort',
) ]
[ sql ] [ SQL ] SELECT `tag` FROM `gcan_article` [ RunTime:0.000192s ]
[ sql ] [ EXPLAIN : array (
  'id' => 1,
  'select_type' => 'SIMPLE',
  'table' => 'gcan_article',
  'partitions' => NULL,
  'type' => 'ALL',
  'possible_keys' => NULL,
  'key' => NULL,
  'key_len' => NULL,
  'ref' => NULL,
  'rows' => 30,
  'filtered' => 100.0,
  'extra' => NULL,
) ]
[ sql ] [ SQL ] SELECT COUNT(*) AS tp_count FROM `gcan_article` WHERE  `released` = '1' LIMIT 1 [ RunTime:0.000226s ]
[ sql ] [ EXPLAIN : array (
  'id' => 1,
  'select_type' => 'SIMPLE',
  'table' => 'gcan_article',
  'partitions' => NULL,
  'type' => 'ALL',
  'possible_keys' => NULL,
  'key' => NULL,
  'key_len' => NULL,
  'ref' => NULL,
  'rows' => 30,
  'filtered' => 10.0,
  'extra' => 'Using where',
) ]
[ sql ] [ SQL ] SELECT * FROM `gcan_article` WHERE  `released` = '1' ORDER BY create_time desc LIMIT 0,5 [ RunTime:0.000246s ]
[ sql ] [ EXPLAIN : array (
  'id' => 1,
  'select_type' => 'SIMPLE',
  'table' => 'gcan_article',
  'partitions' => NULL,
  'type' => 'ALL',
  'possible_keys' => NULL,
  'key' => NULL,
  'key_len' => NULL,
  'ref' => NULL,
  'rows' => 30,
  'filtered' => 10.0,
  'extra' => 'Using where; Using filesort',
) ]
[ warn ] SQL:SELECT * FROM `gcan_article` WHERE  `released` = :where_released ORDER BY create_time desc LIMIT 4  [Using where; Using filesort]
[ warn ] SQL:SELECT * FROM `gcan_article` WHERE  `released` = :where_released ORDER BY create_time desc LIMIT 0,5  [Using where; Using filesort]
---------------------------------------------------------------
[ 2017-08-09T10:48:13+08:00 ] 172.17.48.222 60.29.18.51 GET /blog/public/index/index/search?search=phps
[ info ] www.gcan.top/blog/public/index/index/search?search=phps [运行时间：0.024129s][吞吐率：41.44req/s] [内存消耗：2,153.16kb] [文件加载：45]
[ info ] [ LANG ] /home/wwwroot/www.gcan.top/blog/thinkphp/lang/zh-cn.php
[ info ] [ ROUTE ] array (
  'type' => 'module',
  'module' => 
  array (
    0 => 'index',
    1 => 'index',
    2 => 'search',
  ),
)
[ info ] [ HEADER ] array (
  'cookie' => 'PHPSESSID=rdf0gssj6tgnvdo3o8t96poums; Hm_lvt_e259303fc49d5b01efef69eb352b749d=1502245894; Hm_lpvt_e259303fc49d5b01efef69eb352b749d=1502246824',
  'accept-language' => 'zh-CN,zh;q=0.8',
  'accept-encoding' => 'gzip, deflate, sdch',
  'referer' => 'http://www.gcan.top/blog/public/',
  'user-agent' => 'Mozilla/5.0 (Windows NT 6.1; WOW64) AppleWebKit/537.36 (KHTML, like Gecko) Chrome/45.0.2454.101 Safari/537.36',
  'upgrade-insecure-requests' => '1',
  'accept' => 'text/html,application/xhtml+xml,application/xml;q=0.9,image/webp,*/*;q=0.8',
  'connection' => 'keep-alive',
  'host' => 'www.gcan.top',
  'content-type' => '',
  'content-length' => '',
)
[ info ] [ PARAM ] array (
  'search' => 'phps',
)
[ info ] [ RUN ] app\index\controller\Index->search[ /home/wwwroot/www.gcan.top/blog/application/index/controller/Index.php ]
[ info ] [ SESSION ] INIT array (
  'id' => '',
  'var_session_id' => '',
  'prefix' => 'think',
  'type' => '',
  'auto_start' => true,
)
[ info ] [ DB ] INIT mysql
[ info ] [ VIEW ] /home/wwwroot/www.gcan.top/blog/public/../application/index/view/index/search.html [ array (
  0 => 'switch',
  1 => 'account',
  2 => 'access',
  3 => 'recent_article_list',
  4 => 'tag_list',
  5 => 'article_list',
  6 => 'search',
) ]
[ info ] [ LOG ] INIT File
[ sql ] [ DB ] CONNECT:[ UseTime:0.000391s ] mysql:dbname=gcan_sql;host=127.0.0.1;port=3306;charset=utf8
[ sql ] [ SQL ] SHOW COLUMNS FROM `gcan_article` [ RunTime:0.000684s ]
[ sql ] [ SQL ] SELECT * FROM `gcan_article` WHERE  `released` = '1' ORDER BY create_time desc LIMIT 4 [ RunTime:0.000361s ]
[ sql ] [ EXPLAIN : array (
  'id' => 1,
  'select_type' => 'SIMPLE',
  'table' => 'gcan_article',
  'partitions' => NULL,
  'type' => 'ALL',
  'possible_keys' => NULL,
  'key' => NULL,
  'key_len' => NULL,
  'ref' => NULL,
  'rows' => 30,
  'filtered' => 10.0,
  'extra' => 'Using where; Using filesort',
) ]
[ sql ] [ SQL ] SELECT `tag` FROM `gcan_article` [ RunTime:0.000191s ]
[ sql ] [ EXPLAIN : array (
  'id' => 1,
  'select_type' => 'SIMPLE',
  'table' => 'gcan_article',
  'partitions' => NULL,
  'type' => 'ALL',
  'possible_keys' => NULL,
  'key' => NULL,
  'key_len' => NULL,
  'ref' => NULL,
  'rows' => 30,
  'filtered' => 100.0,
  'extra' => NULL,
) ]
[ sql ] [ SQL ] SELECT COUNT(*) AS tp_count FROM `gcan_article` WHERE  ( `title` LIKE '%phps%' OR `author` LIKE '%phps%' OR `tag` LIKE '%phps%' OR `create_time` LIKE '%phps%' )  AND `released` = '1' LIMIT 1 [ RunTime:0.000299s ]
[ sql ] [ EXPLAIN : array (
  'id' => 1,
  'select_type' => 'SIMPLE',
  'table' => 'gcan_article',
  'partitions' => NULL,
  'type' => 'ALL',
  'possible_keys' => NULL,
  'key' => NULL,
  'key_len' => NULL,
  'ref' => NULL,
  'rows' => 30,
  'filtered' => 3.756737232208252,
  'extra' => 'Using where',
) ]
[ sql ] [ SQL ] SELECT * FROM `gcan_article` WHERE  ( `title` LIKE '%phps%' OR `author` LIKE '%phps%' OR `tag` LIKE '%phps%' OR `create_time` LIKE '%phps%' )  AND `released` = '1' ORDER BY create_time desc LIMIT 0,5 [ RunTime:0.000329s ]
[ sql ] [ EXPLAIN : array (
  'id' => 1,
  'select_type' => 'SIMPLE',
  'table' => 'gcan_article',
  'partitions' => NULL,
  'type' => 'ALL',
  'possible_keys' => NULL,
  'key' => NULL,
  'key_len' => NULL,
  'ref' => NULL,
  'rows' => 30,
  'filtered' => 3.756737232208252,
  'extra' => 'Using where; Using filesort',
) ]
[ warn ] SQL:SELECT * FROM `gcan_article` WHERE  `released` = :where_released ORDER BY create_time desc LIMIT 4  [Using where; Using filesort]
[ warn ] SQL:SELECT * FROM `gcan_article` WHERE  ( `title` LIKE :where_title OR `author` LIKE :where_author OR `tag` LIKE :where_tag OR `create_time` LIKE :where_create_time )  AND `released` = :where_released ORDER BY create_time desc LIMIT 0,5  [Using where; Using filesort]
