---------------------------------------------------------------
[ 2017-08-10T10:54:49+08:00 ] 172.17.48.222 60.29.18.51 GET /blog/public/
[ info ] www.gcan.top/blog/public/ [运行时间：0.024825s][吞吐率：40.28req/s] [内存消耗：2,148.07kb] [文件加载：45]
[ info ] [ LANG ] /home/wwwroot/www.gcan.top/blog/thinkphp/lang/zh-cn.php
[ info ] [ ROUTE ] array (
  'type' => 'module',
  'module' => 
  array (
    0 => '',
    1 => NULL,
    2 => NULL,
  ),
)
[ info ] [ HEADER ] array (
  'cookie' => 'Hm_lvt_e259303fc49d5b01efef69eb352b749d=1501726377,1501759718,1502333690; Hm_lpvt_e259303fc49d5b01efef69eb352b749d=1502333690',
  'accept-language' => 'zh-CN,zh;q=0.8',
  'accept-encoding' => 'gzip, deflate',
  'referer' => 'http://www.gcan.top/',
  'accept' => 'text/html,application/xhtml+xml,application/xml;q=0.9,image/webp,image/apng,*/*;q=0.8',
  'user-agent' => 'Mozilla/5.0 (Windows NT 10.0; Win64; x64) AppleWebKit/537.36 (KHTML, like Gecko) Chrome/59.0.3071.115 Safari/537.36',
  'upgrade-insecure-requests' => '1',
  'connection' => 'keep-alive',
  'host' => 'www.gcan.top',
  'content-type' => '',
  'content-length' => '',
)
[ info ] [ PARAM ] array (
)
[ info ] [ RUN ] app\index\controller\Index->index[ /home/wwwroot/www.gcan.top/blog/application/index/controller/Index.php ]
[ info ] [ SESSION ] INIT array (
  'id' => '',
  'var_session_id' => '',
  'prefix' => 'think',
  'type' => '',
  'auto_start' => true,
)
[ info ] [ DB ] INIT mysql
[ info ] [ VIEW ] /home/wwwroot/www.gcan.top/blog/public/../application/index/view/index/index.html [ array (
  0 => 'switch',
  1 => 'account',
  2 => 'access',
  3 => 'recent_article_list',
  4 => 'tag_list',
  5 => 'article_list',
) ]
[ info ] [ LOG ] INIT File
[ sql ] [ DB ] CONNECT:[ UseTime:0.000350s ] mysql:dbname=gcan_sql;host=127.0.0.1;port=3306;charset=utf8
[ sql ] [ SQL ] SHOW COLUMNS FROM `gcan_article` [ RunTime:0.000660s ]
[ sql ] [ SQL ] SELECT * FROM `gcan_article` WHERE  `released` = '1' ORDER BY create_time desc LIMIT 4 [ RunTime:0.000349s ]
[ sql ] [ EXPLAIN : array (
  'id' => 1,
  'select_type' => 'SIMPLE',
  'table' => 'gcan_article',
  'partitions' => NULL,
  'type' => 'ALL',
  'possible_keys' => NULL,
  'key' => NULL,
  'key_len' => NULL,
  'ref' => NULL,
  'rows' => 30,
  'filtered' => 10.0,
  'extra' => 'Using where; Using filesort',
) ]
[ sql ] [ SQL ] SELECT `tag` FROM `gcan_article` [ RunTime:0.000201s ]
[ sql ] [ EXPLAIN : array (
  'id' => 1,
  'select_type' => 'SIMPLE',
  'table' => 'gcan_article',
  'partitions' => NULL,
  'type' => 'ALL',
  'possible_keys' => NULL,
  'key' => NULL,
  'key_len' => NULL,
  'ref' => NULL,
  'rows' => 30,
  'filtered' => 100.0,
  'extra' => NULL,
) ]
[ sql ] [ SQL ] SELECT COUNT(*) AS tp_count FROM `gcan_article` WHERE  `released` = '1' LIMIT 1 [ RunTime:0.000254s ]
[ sql ] [ EXPLAIN : array (
  'id' => 1,
  'select_type' => 'SIMPLE',
  'table' => 'gcan_article',
  'partitions' => NULL,
  'type' => 'ALL',
  'possible_keys' => NULL,
  'key' => NULL,
  'key_len' => NULL,
  'ref' => NULL,
  'rows' => 30,
  'filtered' => 10.0,
  'extra' => 'Using where',
) ]
[ sql ] [ SQL ] SELECT * FROM `gcan_article` WHERE  `released` = '1' ORDER BY create_time desc LIMIT 0,5 [ RunTime:0.000258s ]
[ sql ] [ EXPLAIN : array (
  'id' => 1,
  'select_type' => 'SIMPLE',
  'table' => 'gcan_article',
  'partitions' => NULL,
  'type' => 'ALL',
  'possible_keys' => NULL,
  'key' => NULL,
  'key_len' => NULL,
  'ref' => NULL,
  'rows' => 30,
  'filtered' => 10.0,
  'extra' => 'Using where; Using filesort',
) ]
[ warn ] SQL:SELECT * FROM `gcan_article` WHERE  `released` = :where_released ORDER BY create_time desc LIMIT 4  [Using where; Using filesort]
[ warn ] SQL:SELECT * FROM `gcan_article` WHERE  `released` = :where_released ORDER BY create_time desc LIMIT 0,5  [Using where; Using filesort]
---------------------------------------------------------------
[ 2017-08-10T10:54:53+08:00 ] 172.17.48.222 60.29.18.51 GET /blog/public/admin
[ info ] www.gcan.top/blog/public/admin [运行时间：0.012517s][吞吐率：79.89req/s] [内存消耗：1,232.08kb] [文件加载：37]
[ info ] [ LANG ] /home/wwwroot/www.gcan.top/blog/thinkphp/lang/zh-cn.php
[ info ] [ ROUTE ] array (
  'type' => 'module',
  'module' => 
  array (
    0 => 'admin',
    1 => NULL,
    2 => NULL,
  ),
)
[ info ] [ HEADER ] array (
  'cookie' => 'Hm_lvt_e259303fc49d5b01efef69eb352b749d=1501726377,1501759718,1502333690; Hm_lpvt_e259303fc49d5b01efef69eb352b749d=1502333690; PHPSESSID=13hck5bnv8rbhsb1i9nb0oq4tk',
  'accept-language' => 'zh-CN,zh;q=0.8',
  'accept-encoding' => 'gzip, deflate',
  'accept' => 'text/html,application/xhtml+xml,application/xml;q=0.9,image/webp,image/apng,*/*;q=0.8',
  'user-agent' => 'Mozilla/5.0 (Windows NT 10.0; Win64; x64) AppleWebKit/537.36 (KHTML, like Gecko) Chrome/59.0.3071.115 Safari/537.36',
  'upgrade-insecure-requests' => '1',
  'connection' => 'keep-alive',
  'host' => 'www.gcan.top',
  'content-type' => '',
  'content-length' => '',
)
[ info ] [ PARAM ] array (
)
[ info ] [ RUN ] app\admin\controller\Index->index[ /home/wwwroot/www.gcan.top/blog/application/admin/controller/Index.php ]
[ info ] [ SESSION ] INIT array (
  'id' => '',
  'var_session_id' => '',
  'prefix' => 'think',
  'type' => '',
  'auto_start' => true,
)
[ info ] [ VIEW ] /home/wwwroot/www.gcan.top/blog/thinkphp/tpl/dispatch_jump.tpl [ array (
  0 => 'code',
  1 => 'msg',
  2 => 'data',
  3 => 'url',
  4 => 'wait',
) ]
[ info ] [ LOG ] INIT File
---------------------------------------------------------------
[ 2017-08-10T10:54:56+08:00 ] 172.17.48.222 60.29.18.51 GET /blog/public/admin/index/signin.html
[ info ] www.gcan.top/blog/public/admin/index/signin.html [运行时间：0.012076s][吞吐率：82.81req/s] [内存消耗：1,191.41kb] [文件加载：35]
[ info ] [ LANG ] /home/wwwroot/www.gcan.top/blog/thinkphp/lang/zh-cn.php
[ info ] [ ROUTE ] array (
  'type' => 'module',
  'module' => 
  array (
    0 => 'admin',
    1 => 'index',
    2 => 'signin',
  ),
)
[ info ] [ HEADER ] array (
  'cookie' => 'Hm_lvt_e259303fc49d5b01efef69eb352b749d=1501726377,1501759718,1502333690; Hm_lpvt_e259303fc49d5b01efef69eb352b749d=1502333690; PHPSESSID=13hck5bnv8rbhsb1i9nb0oq4tk',
  'accept-language' => 'zh-CN,zh;q=0.8',
  'accept-encoding' => 'gzip, deflate',
  'referer' => 'http://www.gcan.top/blog/public/admin',
  'accept' => 'text/html,application/xhtml+xml,application/xml;q=0.9,image/webp,image/apng,*/*;q=0.8',
  'user-agent' => 'Mozilla/5.0 (Windows NT 10.0; Win64; x64) AppleWebKit/537.36 (KHTML, like Gecko) Chrome/59.0.3071.115 Safari/537.36',
  'upgrade-insecure-requests' => '1',
  'connection' => 'keep-alive',
  'host' => 'www.gcan.top',
  'content-type' => '',
  'content-length' => '',
)
[ info ] [ PARAM ] array (
)
[ info ] [ RUN ] app\admin\controller\Index->signin[ /home/wwwroot/www.gcan.top/blog/application/admin/controller/Index.php ]
[ info ] [ VIEW ] /home/wwwroot/www.gcan.top/blog/public/../application/admin/view/index/signin.html [ array (
) ]
[ info ] [ LOG ] INIT File
---------------------------------------------------------------
[ 2017-08-10T10:54:57+08:00 ] 172.17.48.222 60.29.18.51 GET /blog/public/admin/index/favicon.ico
[ info ] www.gcan.top/blog/public/admin/index/favicon.ico [运行时间：0.012435s][吞吐率：80.42req/s] [内存消耗：1,229.96kb] [文件加载：37]
[ info ] [ LANG ] /home/wwwroot/www.gcan.top/blog/thinkphp/lang/zh-cn.php
[ info ] [ ROUTE ] array (
  'type' => 'module',
  'module' => 
  array (
    0 => 'admin',
    1 => 'index',
    2 => 'favicon.ico',
  ),
)
[ info ] [ HEADER ] array (
  'cookie' => 'Hm_lvt_e259303fc49d5b01efef69eb352b749d=1501726377,1501759718,1502333690; Hm_lpvt_e259303fc49d5b01efef69eb352b749d=1502333690; PHPSESSID=13hck5bnv8rbhsb1i9nb0oq4tk',
  'accept-language' => 'zh-CN,zh;q=0.8',
  'accept-encoding' => 'gzip, deflate',
  'referer' => 'http://www.gcan.top/blog/public/admin/index/signin.html',
  'accept' => 'image/webp,image/apng,image/*,*/*;q=0.8',
  'user-agent' => 'Mozilla/5.0 (Windows NT 10.0; Win64; x64) AppleWebKit/537.36 (KHTML, like Gecko) Chrome/59.0.3071.115 Safari/537.36',
  'connection' => 'keep-alive',
  'host' => 'www.gcan.top',
  'content-type' => '',
  'content-length' => '',
)
[ info ] [ PARAM ] array (
)
[ info ] [ LOG ] INIT File
---------------------------------------------------------------
[ 2017-08-10T10:55:04+08:00 ] 172.17.48.222 60.29.18.51 POST /blog/public/admin/index/signin_msg
[ info ] www.gcan.top/blog/public/admin/index/signin_msg [运行时间：0.019706s][吞吐率：50.75req/s] [内存消耗：1,894.70kb] [文件加载：43]
[ info ] [ LANG ] /home/wwwroot/www.gcan.top/blog/thinkphp/lang/zh-cn.php
[ info ] [ ROUTE ] array (
  'type' => 'module',
  'module' => 
  array (
    0 => 'admin',
    1 => 'index',
    2 => 'signin_msg',
  ),
)
[ info ] [ HEADER ] array (
  'cookie' => 'Hm_lvt_e259303fc49d5b01efef69eb352b749d=1501726377,1501759718,1502333690; Hm_lpvt_e259303fc49d5b01efef69eb352b749d=1502333690; PHPSESSID=13hck5bnv8rbhsb1i9nb0oq4tk',
  'accept-language' => 'zh-CN,zh;q=0.8',
  'accept-encoding' => 'gzip, deflate',
  'referer' => 'http://www.gcan.top/blog/public/admin/index/signin.html',
  'accept' => 'text/html,application/xhtml+xml,application/xml;q=0.9,image/webp,image/apng,*/*;q=0.8',
  'content-type' => 'application/x-www-form-urlencoded',
  'user-agent' => 'Mozilla/5.0 (Windows NT 10.0; Win64; x64) AppleWebKit/537.36 (KHTML, like Gecko) Chrome/59.0.3071.115 Safari/537.36',
  'upgrade-insecure-requests' => '1',
  'origin' => 'http://www.gcan.top',
  'cache-control' => 'max-age=0',
  'content-length' => '31',
  'connection' => 'keep-alive',
  'host' => 'www.gcan.top',
)
[ info ] [ PARAM ] array (
  'username' => 'gcan',
  'password' => 'gc000000',
)
[ info ] [ RUN ] app\admin\controller\Index->signin_msg[ /home/wwwroot/www.gcan.top/blog/application/admin/controller/Index.php ]
[ info ] [ DB ] INIT mysql
[ info ] [ VIEW ] /home/wwwroot/www.gcan.top/blog/thinkphp/tpl/dispatch_jump.tpl [ array (
  0 => 'code',
  1 => 'msg',
  2 => 'data',
  3 => 'url',
  4 => 'wait',
) ]
[ info ] [ LOG ] INIT File
[ sql ] [ DB ] CONNECT:[ UseTime:0.000375s ] mysql:dbname=gcan_sql;host=127.0.0.1;port=3306;charset=utf8
[ sql ] [ SQL ] SHOW COLUMNS FROM `gcan_user` [ RunTime:0.000707s ]
[ sql ] [ SQL ] SELECT `uid`,`user_name`,`fullname`,`email`,`address`,`country`,`admin` FROM `gcan_user` WHERE  `password` = 'd37910f8014c002ac5922461f346e611'  AND `user_name` = 'gcan' LIMIT 1 [ RunTime:0.000329s ]
[ sql ] [ EXPLAIN : array (
  'id' => 1,
  'select_type' => 'SIMPLE',
  'table' => 'gcan_user',
  'partitions' => NULL,
  'type' => 'ALL',
  'possible_keys' => NULL,
  'key' => NULL,
  'key_len' => NULL,
  'ref' => NULL,
  'rows' => 1,
  'filtered' => 100.0,
  'extra' => 'Using where',
) ]
---------------------------------------------------------------
[ 2017-08-10T10:55:24+08:00 ] 172.17.48.222 60.29.18.51 POST /blog/public/admin/index/signin_msg
[ info ] www.gcan.top/blog/public/admin/index/signin_msg [运行时间：0.019729s][吞吐率：50.69req/s] [内存消耗：1,894.70kb] [文件加载：43]
[ info ] [ LANG ] /home/wwwroot/www.gcan.top/blog/thinkphp/lang/zh-cn.php
[ info ] [ ROUTE ] array (
  'type' => 'module',
  'module' => 
  array (
    0 => 'admin',
    1 => 'index',
    2 => 'signin_msg',
  ),
)
[ info ] [ HEADER ] array (
  'cookie' => 'Hm_lvt_e259303fc49d5b01efef69eb352b749d=1501726377,1501759718,1502333690; Hm_lpvt_e259303fc49d5b01efef69eb352b749d=1502333690; PHPSESSID=13hck5bnv8rbhsb1i9nb0oq4tk',
  'accept-language' => 'zh-CN,zh;q=0.8',
  'accept-encoding' => 'gzip, deflate',
  'referer' => 'http://www.gcan.top/blog/public/admin/index/signin.html',
  'accept' => 'text/html,application/xhtml+xml,application/xml;q=0.9,image/webp,image/apng,*/*;q=0.8',
  'content-type' => 'application/x-www-form-urlencoded',
  'user-agent' => 'Mozilla/5.0 (Windows NT 10.0; Win64; x64) AppleWebKit/537.36 (KHTML, like Gecko) Chrome/59.0.3071.115 Safari/537.36',
  'upgrade-insecure-requests' => '1',
  'origin' => 'http://www.gcan.top',
  'cache-control' => 'max-age=0',
  'content-length' => '31',
  'connection' => 'keep-alive',
  'host' => 'www.gcan.top',
)
[ info ] [ PARAM ] array (
  'username' => 'gcan',
  'password' => 'gc123456',
)
[ info ] [ RUN ] app\admin\controller\Index->signin_msg[ /home/wwwroot/www.gcan.top/blog/application/admin/controller/Index.php ]
[ info ] [ DB ] INIT mysql
[ info ] [ VIEW ] /home/wwwroot/www.gcan.top/blog/thinkphp/tpl/dispatch_jump.tpl [ array (
  0 => 'code',
  1 => 'msg',
  2 => 'data',
  3 => 'url',
  4 => 'wait',
) ]
[ info ] [ LOG ] INIT File
[ sql ] [ DB ] CONNECT:[ UseTime:0.000386s ] mysql:dbname=gcan_sql;host=127.0.0.1;port=3306;charset=utf8
[ sql ] [ SQL ] SHOW COLUMNS FROM `gcan_user` [ RunTime:0.000751s ]
[ sql ] [ SQL ] SELECT `uid`,`user_name`,`fullname`,`email`,`address`,`country`,`admin` FROM `gcan_user` WHERE  `password` = 'fc353f48fb48c9adbb3dafb2253c198b'  AND `user_name` = 'gcan' LIMIT 1 [ RunTime:0.000306s ]
[ sql ] [ EXPLAIN : array (
  'id' => 1,
  'select_type' => 'SIMPLE',
  'table' => 'gcan_user',
  'partitions' => NULL,
  'type' => 'ALL',
  'possible_keys' => NULL,
  'key' => NULL,
  'key_len' => NULL,
  'ref' => NULL,
  'rows' => 1,
  'filtered' => 100.0,
  'extra' => 'Using where',
) ]
---------------------------------------------------------------
[ 2017-08-10T10:55:40+08:00 ] 172.17.48.222 60.29.18.51 POST /blog/public/admin/index/signin_msg
[ info ] www.gcan.top/blog/public/admin/index/signin_msg [运行时间：0.019400s][吞吐率：51.55req/s] [内存消耗：1,894.70kb] [文件加载：43]
[ info ] [ LANG ] /home/wwwroot/www.gcan.top/blog/thinkphp/lang/zh-cn.php
[ info ] [ ROUTE ] array (
  'type' => 'module',
  'module' => 
  array (
    0 => 'admin',
    1 => 'index',
    2 => 'signin_msg',
  ),
)
[ info ] [ HEADER ] array (
  'cookie' => 'Hm_lvt_e259303fc49d5b01efef69eb352b749d=1501726377,1501759718,1502333690; Hm_lpvt_e259303fc49d5b01efef69eb352b749d=1502333690; PHPSESSID=13hck5bnv8rbhsb1i9nb0oq4tk',
  'accept-language' => 'zh-CN,zh;q=0.8',
  'accept-encoding' => 'gzip, deflate',
  'referer' => 'http://www.gcan.top/blog/public/admin/index/signin.html',
  'accept' => 'text/html,application/xhtml+xml,application/xml;q=0.9,image/webp,image/apng,*/*;q=0.8',
  'content-type' => 'application/x-www-form-urlencoded',
  'user-agent' => 'Mozilla/5.0 (Windows NT 10.0; Win64; x64) AppleWebKit/537.36 (KHTML, like Gecko) Chrome/59.0.3071.115 Safari/537.36',
  'upgrade-insecure-requests' => '1',
  'origin' => 'http://www.gcan.top',
  'cache-control' => 'max-age=0',
  'content-length' => '31',
  'connection' => 'keep-alive',
  'host' => 'www.gcan.top',
)
[ info ] [ PARAM ] array (
  'username' => 'gcan',
  'password' => 'gc123456',
)
[ info ] [ RUN ] app\admin\controller\Index->signin_msg[ /home/wwwroot/www.gcan.top/blog/application/admin/controller/Index.php ]
[ info ] [ DB ] INIT mysql
[ info ] [ VIEW ] /home/wwwroot/www.gcan.top/blog/thinkphp/tpl/dispatch_jump.tpl [ array (
  0 => 'code',
  1 => 'msg',
  2 => 'data',
  3 => 'url',
  4 => 'wait',
) ]
[ info ] [ LOG ] INIT File
[ sql ] [ DB ] CONNECT:[ UseTime:0.000408s ] mysql:dbname=gcan_sql;host=127.0.0.1;port=3306;charset=utf8
[ sql ] [ SQL ] SHOW COLUMNS FROM `gcan_user` [ RunTime:0.000708s ]
[ sql ] [ SQL ] SELECT `uid`,`user_name`,`fullname`,`email`,`address`,`country`,`admin` FROM `gcan_user` WHERE  `password` = 'fc353f48fb48c9adbb3dafb2253c198b'  AND `user_name` = 'gcan' LIMIT 1 [ RunTime:0.000402s ]
[ sql ] [ EXPLAIN : array (
  'id' => 1,
  'select_type' => 'SIMPLE',
  'table' => 'gcan_user',
  'partitions' => NULL,
  'type' => 'ALL',
  'possible_keys' => NULL,
  'key' => NULL,
  'key_len' => NULL,
  'ref' => NULL,
  'rows' => 1,
  'filtered' => 100.0,
  'extra' => 'Using where',
) ]
---------------------------------------------------------------
[ 2017-08-10T10:55:55+08:00 ] 172.17.48.222 60.29.18.51 POST /blog/public/admin/index/signin_msg
[ info ] www.gcan.top/blog/public/admin/index/signin_msg [运行时间：0.018323s][吞吐率：54.58req/s] [内存消耗：1,894.70kb] [文件加载：43]
[ info ] [ LANG ] /home/wwwroot/www.gcan.top/blog/thinkphp/lang/zh-cn.php
[ info ] [ ROUTE ] array (
  'type' => 'module',
  'module' => 
  array (
    0 => 'admin',
    1 => 'index',
    2 => 'signin_msg',
  ),
)
[ info ] [ HEADER ] array (
  'cookie' => 'Hm_lvt_e259303fc49d5b01efef69eb352b749d=1501726377,1501759718,1502333690; Hm_lpvt_e259303fc49d5b01efef69eb352b749d=1502333690; PHPSESSID=13hck5bnv8rbhsb1i9nb0oq4tk',
  'accept-language' => 'zh-CN,zh;q=0.8',
  'accept-encoding' => 'gzip, deflate',
  'referer' => 'http://www.gcan.top/blog/public/admin/index/signin.html',
  'accept' => 'text/html,application/xhtml+xml,application/xml;q=0.9,image/webp,image/apng,*/*;q=0.8',
  'content-type' => 'application/x-www-form-urlencoded',
  'user-agent' => 'Mozilla/5.0 (Windows NT 10.0; Win64; x64) AppleWebKit/537.36 (KHTML, like Gecko) Chrome/59.0.3071.115 Safari/537.36',
  'upgrade-insecure-requests' => '1',
  'origin' => 'http://www.gcan.top',
  'cache-control' => 'max-age=0',
  'content-length' => '30',
  'connection' => 'keep-alive',
  'host' => 'www.gcan.top',
)
[ info ] [ PARAM ] array (
  'username' => 'gcan',
  'password' => 'gcan999',
)
[ info ] [ RUN ] app\admin\controller\Index->signin_msg[ /home/wwwroot/www.gcan.top/blog/application/admin/controller/Index.php ]
[ info ] [ DB ] INIT mysql
[ info ] [ VIEW ] /home/wwwroot/www.gcan.top/blog/thinkphp/tpl/dispatch_jump.tpl [ array (
  0 => 'code',
  1 => 'msg',
  2 => 'data',
  3 => 'url',
  4 => 'wait',
) ]
[ info ] [ LOG ] INIT File
[ sql ] [ DB ] CONNECT:[ UseTime:0.000413s ] mysql:dbname=gcan_sql;host=127.0.0.1;port=3306;charset=utf8
[ sql ] [ SQL ] SHOW COLUMNS FROM `gcan_user` [ RunTime:0.000693s ]
[ sql ] [ SQL ] SELECT `uid`,`user_name`,`fullname`,`email`,`address`,`country`,`admin` FROM `gcan_user` WHERE  `password` = '46594f221b8fd5f5d1f9477c45449a6f'  AND `user_name` = 'gcan' LIMIT 1 [ RunTime:0.000293s ]
[ sql ] [ EXPLAIN : array (
  'id' => 1,
  'select_type' => 'SIMPLE',
  'table' => 'gcan_user',
  'partitions' => NULL,
  'type' => 'ALL',
  'possible_keys' => NULL,
  'key' => NULL,
  'key_len' => NULL,
  'ref' => NULL,
  'rows' => 1,
  'filtered' => 100.0,
  'extra' => 'Using where',
) ]
---------------------------------------------------------------
[ 2017-08-10T10:56:58+08:00 ] 172.17.48.222 60.29.18.51 POST /blog/public/admin/index/signin_msg
[ info ] www.gcan.top/blog/public/admin/index/signin_msg [运行时间：0.020015s][吞吐率：49.96req/s] [内存消耗：1,948.36kb] [文件加载：44]
[ info ] [ LANG ] /home/wwwroot/www.gcan.top/blog/thinkphp/lang/zh-cn.php
[ info ] [ ROUTE ] array (
  'type' => 'module',
  'module' => 
  array (
    0 => 'admin',
    1 => 'index',
    2 => 'signin_msg',
  ),
)
[ info ] [ HEADER ] array (
  'cookie' => 'Hm_lvt_e259303fc49d5b01efef69eb352b749d=1501726377,1501759718,1502333690; Hm_lpvt_e259303fc49d5b01efef69eb352b749d=1502333690; PHPSESSID=13hck5bnv8rbhsb1i9nb0oq4tk',
  'accept-language' => 'zh-CN,zh;q=0.8',
  'accept-encoding' => 'gzip, deflate',
  'referer' => 'http://www.gcan.top/blog/public/admin/index/signin.html',
  'accept' => 'text/html,application/xhtml+xml,application/xml;q=0.9,image/webp,image/apng,*/*;q=0.8',
  'content-type' => 'application/x-www-form-urlencoded',
  'user-agent' => 'Mozilla/5.0 (Windows NT 10.0; Win64; x64) AppleWebKit/537.36 (KHTML, like Gecko) Chrome/59.0.3071.115 Safari/537.36',
  'upgrade-insecure-requests' => '1',
  'origin' => 'http://www.gcan.top',
  'cache-control' => 'max-age=0',
  'content-length' => '33',
  'connection' => 'keep-alive',
  'host' => 'www.gcan.top',
)
[ info ] [ PARAM ] array (
  'username' => 'gcan',
  'password' => 'gcan@007',
)
[ info ] [ RUN ] app\admin\controller\Index->signin_msg[ /home/wwwroot/www.gcan.top/blog/application/admin/controller/Index.php ]
[ info ] [ DB ] INIT mysql
[ info ] [ SESSION ] INIT array (
  'id' => '',
  'var_session_id' => '',
  'prefix' => 'think',
  'type' => '',
  'auto_start' => true,
)
[ info ] [ VIEW ] /home/wwwroot/www.gcan.top/blog/thinkphp/tpl/dispatch_jump.tpl [ array (
  0 => 'code',
  1 => 'msg',
  2 => 'data',
  3 => 'url',
  4 => 'wait',
) ]
[ info ] [ LOG ] INIT File
[ sql ] [ DB ] CONNECT:[ UseTime:0.000380s ] mysql:dbname=gcan_sql;host=127.0.0.1;port=3306;charset=utf8
[ sql ] [ SQL ] SHOW COLUMNS FROM `gcan_user` [ RunTime:0.000695s ]
[ sql ] [ SQL ] SELECT `uid`,`user_name`,`fullname`,`email`,`address`,`country`,`admin` FROM `gcan_user` WHERE  `password` = '3d60136f86c5e21f278beacbf1852777'  AND `user_name` = 'gcan' LIMIT 1 [ RunTime:0.000338s ]
[ sql ] [ EXPLAIN : array (
  'id' => 1,
  'select_type' => 'SIMPLE',
  'table' => 'gcan_user',
  'partitions' => NULL,
  'type' => 'ALL',
  'possible_keys' => NULL,
  'key' => NULL,
  'key_len' => NULL,
  'ref' => NULL,
  'rows' => 1,
  'filtered' => 100.0,
  'extra' => 'Using where',
) ]
---------------------------------------------------------------
[ 2017-08-10T10:57:01+08:00 ] 172.17.48.222 60.29.18.51 GET /blog/public/admin/index/article.html
[ info ] www.gcan.top/blog/public/admin/index/article.html [运行时间：0.020424s][吞吐率：48.96req/s] [内存消耗：2,024.36kb] [文件加载：42]
[ info ] [ LANG ] /home/wwwroot/www.gcan.top/blog/thinkphp/lang/zh-cn.php
[ info ] [ ROUTE ] array (
  'type' => 'module',
  'module' => 
  array (
    0 => 'admin',
    1 => 'index',
    2 => 'article',
  ),
)
[ info ] [ HEADER ] array (
  'cookie' => 'Hm_lvt_e259303fc49d5b01efef69eb352b749d=1501726377,1501759718,1502333690; Hm_lpvt_e259303fc49d5b01efef69eb352b749d=1502333690; PHPSESSID=13hck5bnv8rbhsb1i9nb0oq4tk',
  'accept-language' => 'zh-CN,zh;q=0.8',
  'accept-encoding' => 'gzip, deflate',
  'referer' => 'http://www.gcan.top/blog/public/admin/index/signin_msg',
  'accept' => 'text/html,application/xhtml+xml,application/xml;q=0.9,image/webp,image/apng,*/*;q=0.8',
  'user-agent' => 'Mozilla/5.0 (Windows NT 10.0; Win64; x64) AppleWebKit/537.36 (KHTML, like Gecko) Chrome/59.0.3071.115 Safari/537.36',
  'upgrade-insecure-requests' => '1',
  'connection' => 'keep-alive',
  'host' => 'www.gcan.top',
  'content-type' => '',
  'content-length' => '',
)
[ info ] [ PARAM ] array (
)
[ info ] [ RUN ] app\admin\controller\Index->article[ /home/wwwroot/www.gcan.top/blog/application/admin/controller/Index.php ]
[ info ] [ SESSION ] INIT array (
  'id' => '',
  'var_session_id' => '',
  'prefix' => 'think',
  'type' => '',
  'auto_start' => true,
)
[ info ] [ DB ] INIT mysql
[ info ] [ VIEW ] /home/wwwroot/www.gcan.top/blog/public/../application/admin/view/index/article.html [ array (
  0 => 'account',
  1 => 'article_list',
) ]
[ info ] [ LOG ] INIT File
[ sql ] [ DB ] CONNECT:[ UseTime:0.000371s ] mysql:dbname=gcan_sql;host=127.0.0.1;port=3306;charset=utf8
[ sql ] [ SQL ] SHOW COLUMNS FROM `gcan_article` [ RunTime:0.000665s ]
[ sql ] [ SQL ] SELECT * FROM `gcan_article` ORDER BY create_time desc [ RunTime:0.000345s ]
[ sql ] [ EXPLAIN : array (
  'id' => 1,
  'select_type' => 'SIMPLE',
  'table' => 'gcan_article',
  'partitions' => NULL,
  'type' => 'ALL',
  'possible_keys' => NULL,
  'key' => NULL,
  'key_len' => NULL,
  'ref' => NULL,
  'rows' => 30,
  'filtered' => 100.0,
  'extra' => 'Using filesort',
) ]
[ warn ] SQL:SELECT * FROM `gcan_article` ORDER BY create_time desc [Using filesort]
---------------------------------------------------------------
[ 2017-08-10T10:57:04+08:00 ] 172.17.48.222 60.29.18.51 GET /blog/public/admin/index/add_article
[ info ] www.gcan.top/blog/public/admin/index/add_article [运行时间：0.014656s][吞吐率：68.23req/s] [内存消耗：1,273.37kb] [文件加载：35]
[ info ] [ LANG ] /home/wwwroot/www.gcan.top/blog/thinkphp/lang/zh-cn.php
[ info ] [ ROUTE ] array (
  'type' => 'module',
  'module' => 
  array (
    0 => 'admin',
    1 => 'index',
    2 => 'add_article',
  ),
)
[ info ] [ HEADER ] array (
  'cookie' => 'Hm_lvt_e259303fc49d5b01efef69eb352b749d=1501726377,1501759718,1502333690; Hm_lpvt_e259303fc49d5b01efef69eb352b749d=1502333690; PHPSESSID=13hck5bnv8rbhsb1i9nb0oq4tk',
  'accept-language' => 'zh-CN,zh;q=0.8',
  'accept-encoding' => 'gzip, deflate',
  'referer' => 'http://www.gcan.top/blog/public/admin/index/article.html',
  'accept' => 'text/html,application/xhtml+xml,application/xml;q=0.9,image/webp,image/apng,*/*;q=0.8',
  'user-agent' => 'Mozilla/5.0 (Windows NT 10.0; Win64; x64) AppleWebKit/537.36 (KHTML, like Gecko) Chrome/59.0.3071.115 Safari/537.36',
  'upgrade-insecure-requests' => '1',
  'connection' => 'keep-alive',
  'host' => 'www.gcan.top',
  'content-type' => '',
  'content-length' => '',
)
[ info ] [ PARAM ] array (
)
[ info ] [ RUN ] app\admin\controller\Index->add_article[ /home/wwwroot/www.gcan.top/blog/application/admin/controller/Index.php ]
[ info ] [ SESSION ] INIT array (
  'id' => '',
  'var_session_id' => '',
  'prefix' => 'think',
  'type' => '',
  'auto_start' => true,
)
[ info ] [ VIEW ] /home/wwwroot/www.gcan.top/blog/public/../application/admin/view/index/add_article.html [ array (
  0 => 'account',
) ]
[ info ] [ LOG ] INIT File
---------------------------------------------------------------
[ 2017-08-10T10:58:29+08:00 ] 172.17.48.222 60.29.18.51 POST /blog/public/admin/index/add_article_msg
[ info ] www.gcan.top/blog/public/admin/index/add_article_msg [运行时间：0.063057s][吞吐率：15.86req/s] [内存消耗：1,912.98kb] [文件加载：44]
[ info ] [ LANG ] /home/wwwroot/www.gcan.top/blog/thinkphp/lang/zh-cn.php
[ info ] [ ROUTE ] array (
  'type' => 'module',
  'module' => 
  array (
    0 => 'admin',
    1 => 'index',
    2 => 'add_article_msg',
  ),
)
[ info ] [ HEADER ] array (
  'cookie' => 'Hm_lvt_e259303fc49d5b01efef69eb352b749d=1501726377,1501759718,1502333690; Hm_lpvt_e259303fc49d5b01efef69eb352b749d=1502333690; PHPSESSID=13hck5bnv8rbhsb1i9nb0oq4tk',
  'accept-language' => 'zh-CN,zh;q=0.8',
  'accept-encoding' => 'gzip, deflate',
  'referer' => 'http://www.gcan.top/blog/public/admin/index/add_article',
  'accept' => 'text/html,application/xhtml+xml,application/xml;q=0.9,image/webp,image/apng,*/*;q=0.8',
  'content-type' => 'multipart/form-data; boundary=----WebKitFormBoundaryTBzuCvyO3rhE1ePn',
  'user-agent' => 'Mozilla/5.0 (Windows NT 10.0; Win64; x64) AppleWebKit/537.36 (KHTML, like Gecko) Chrome/59.0.3071.115 Safari/537.36',
  'upgrade-insecure-requests' => '1',
  'origin' => 'http://www.gcan.top',
  'cache-control' => 'max-age=0',
  'content-length' => '1095',
  'connection' => 'keep-alive',
  'host' => 'www.gcan.top',
)
[ info ] [ PARAM ] array (
  'title' => 'Thinkphp3.2.3 查找当前控制器/操作名及URL',
  'author' => 'gcan',
  'tag' => 'Thinkphp',
  'content' => '<p><span style="color: rgb(50, 50, 50); font-family: &quot;Century Gothic&quot;, &quot;Microsoft yahei&quot;; background-color: rgb(255, 255, 255);">__CONTROLLER__ 当前控制器的URL地址 __ACTION__ 当前操作的URL地址&nbsp;</span><br/><span style="color: rgb(50, 50, 50); font-family: &quot;Century Gothic&quot;, &quot;Microsoft yahei&quot;; background-color: rgb(255, 255, 255);">CONTROLLER_NAME 当前控制器名 ACTION_NAME 当前操作名</span></p>',
)
[ info ] [ RUN ] app\admin\controller\Index->add_article_msg[ /home/wwwroot/www.gcan.top/blog/application/admin/controller/Index.php ]
[ info ] [ SESSION ] INIT array (
  'id' => '',
  'var_session_id' => '',
  'prefix' => 'think',
  'type' => '',
  'auto_start' => true,
)
[ info ] [ DB ] INIT mysql
[ info ] [ VIEW ] /home/wwwroot/www.gcan.top/blog/thinkphp/tpl/dispatch_jump.tpl [ array (
  0 => 'account',
  1 => 'code',
  2 => 'msg',
  3 => 'data',
  4 => 'url',
  5 => 'wait',
) ]
[ info ] [ LOG ] INIT File
[ sql ] [ DB ] CONNECT:[ UseTime:0.000333s ] mysql:dbname=gcan_sql;host=127.0.0.1;port=3306;charset=utf8
[ sql ] [ SQL ] SHOW COLUMNS FROM `gcan_article` [ RunTime:0.000641s ]
[ sql ] [ SQL ] INSERT INTO `gcan_article` (`title` , `author` , `tag` , `content` , `create_time`) VALUES ('Thinkphp3.2.3 查找当前控制器/操作名及URL' , 'gcan' , 'Thinkphp' , '1502333909' , '2017-08-10 10:58:29') [ RunTime:0.044201s ]
---------------------------------------------------------------
[ 2017-08-10T10:58:32+08:00 ] 172.17.48.222 60.29.18.51 GET /blog/public/admin/index/index.html
[ info ] www.gcan.top/blog/public/admin/index/index.html [运行时间：0.021483s][吞吐率：46.55req/s] [内存消耗：2,025.32kb] [文件加载：42]
[ info ] [ LANG ] /home/wwwroot/www.gcan.top/blog/thinkphp/lang/zh-cn.php
[ info ] [ ROUTE ] array (
  'type' => 'module',
  'module' => 
  array (
    0 => 'admin',
    1 => 'index',
    2 => 'index',
  ),
)
[ info ] [ HEADER ] array (
  'cookie' => 'Hm_lvt_e259303fc49d5b01efef69eb352b749d=1501726377,1501759718,1502333690; Hm_lpvt_e259303fc49d5b01efef69eb352b749d=1502333690; PHPSESSID=13hck5bnv8rbhsb1i9nb0oq4tk',
  'accept-language' => 'zh-CN,zh;q=0.8',
  'accept-encoding' => 'gzip, deflate',
  'referer' => 'http://www.gcan.top/blog/public/admin/index/add_article_msg',
  'accept' => 'text/html,application/xhtml+xml,application/xml;q=0.9,image/webp,image/apng,*/*;q=0.8',
  'user-agent' => 'Mozilla/5.0 (Windows NT 10.0; Win64; x64) AppleWebKit/537.36 (KHTML, like Gecko) Chrome/59.0.3071.115 Safari/537.36',
  'upgrade-insecure-requests' => '1',
  'connection' => 'keep-alive',
  'host' => 'www.gcan.top',
  'content-type' => '',
  'content-length' => '',
)
[ info ] [ PARAM ] array (
)
[ info ] [ RUN ] app\admin\controller\Index->index[ /home/wwwroot/www.gcan.top/blog/application/admin/controller/Index.php ]
[ info ] [ SESSION ] INIT array (
  'id' => '',
  'var_session_id' => '',
  'prefix' => 'think',
  'type' => '',
  'auto_start' => true,
)
[ info ] [ DB ] INIT mysql
[ info ] [ VIEW ] /home/wwwroot/www.gcan.top/blog/public/../application/admin/view/index/index.html [ array (
  0 => 'account',
  1 => 'article_list',
) ]
[ info ] [ LOG ] INIT File
[ sql ] [ DB ] CONNECT:[ UseTime:0.000366s ] mysql:dbname=gcan_sql;host=127.0.0.1;port=3306;charset=utf8
[ sql ] [ SQL ] SHOW COLUMNS FROM `gcan_article` [ RunTime:0.000681s ]
[ sql ] [ SQL ] SELECT * FROM `gcan_article` ORDER BY create_time desc [ RunTime:0.000355s ]
[ sql ] [ EXPLAIN : array (
  'id' => 1,
  'select_type' => 'SIMPLE',
  'table' => 'gcan_article',
  'partitions' => NULL,
  'type' => 'ALL',
  'possible_keys' => NULL,
  'key' => NULL,
  'key_len' => NULL,
  'ref' => NULL,
  'rows' => 31,
  'filtered' => 100.0,
  'extra' => 'Using filesort',
) ]
[ warn ] SQL:SELECT * FROM `gcan_article` ORDER BY create_time desc [Using filesort]
---------------------------------------------------------------
[ 2017-08-10T10:58:35+08:00 ] 172.17.48.222 60.29.18.51 GET /blog/public/admin/index/article_picture
[ info ] www.gcan.top/blog/public/admin/index/article_picture [运行时间：0.020996s][吞吐率：47.63req/s] [内存消耗：2,012.32kb] [文件加载：42]
[ info ] [ LANG ] /home/wwwroot/www.gcan.top/blog/thinkphp/lang/zh-cn.php
[ info ] [ ROUTE ] array (
  'type' => 'module',
  'module' => 
  array (
    0 => 'admin',
    1 => 'index',
    2 => 'article_picture',
  ),
)
[ info ] [ HEADER ] array (
  'cookie' => 'Hm_lvt_e259303fc49d5b01efef69eb352b749d=1501726377,1501759718,1502333690; Hm_lpvt_e259303fc49d5b01efef69eb352b749d=1502333690; PHPSESSID=13hck5bnv8rbhsb1i9nb0oq4tk',
  'accept-language' => 'zh-CN,zh;q=0.8',
  'accept-encoding' => 'gzip, deflate',
  'referer' => 'http://www.gcan.top/blog/public/admin/index/index.html',
  'accept' => 'text/html,application/xhtml+xml,application/xml;q=0.9,image/webp,image/apng,*/*;q=0.8',
  'user-agent' => 'Mozilla/5.0 (Windows NT 10.0; Win64; x64) AppleWebKit/537.36 (KHTML, like Gecko) Chrome/59.0.3071.115 Safari/537.36',
  'upgrade-insecure-requests' => '1',
  'connection' => 'keep-alive',
  'host' => 'www.gcan.top',
  'content-type' => '',
  'content-length' => '',
)
[ info ] [ PARAM ] array (
)
[ info ] [ RUN ] app\admin\controller\Index->article_picture[ /home/wwwroot/www.gcan.top/blog/application/admin/controller/Index.php ]
[ info ] [ SESSION ] INIT array (
  'id' => '',
  'var_session_id' => '',
  'prefix' => 'think',
  'type' => '',
  'auto_start' => true,
)
[ info ] [ DB ] INIT mysql
[ info ] [ VIEW ] /home/wwwroot/www.gcan.top/blog/public/../application/admin/view/index/article_picture.html [ array (
  0 => 'account',
  1 => 'article_picture',
) ]
[ info ] [ LOG ] INIT File
[ sql ] [ DB ] CONNECT:[ UseTime:0.000405s ] mysql:dbname=gcan_sql;host=127.0.0.1;port=3306;charset=utf8
[ sql ] [ SQL ] SHOW COLUMNS FROM `gcan_article` [ RunTime:0.000688s ]
[ sql ] [ SQL ] SELECT `id`,`title`,`article_picture` FROM `gcan_article` ORDER BY create_time desc [ RunTime:0.000342s ]
[ sql ] [ EXPLAIN : array (
  'id' => 1,
  'select_type' => 'SIMPLE',
  'table' => 'gcan_article',
  'partitions' => NULL,
  'type' => 'ALL',
  'possible_keys' => NULL,
  'key' => NULL,
  'key_len' => NULL,
  'ref' => NULL,
  'rows' => 31,
  'filtered' => 100.0,
  'extra' => 'Using filesort',
) ]
[ warn ] SQL:SELECT `id`,`title`,`article_picture` FROM `gcan_article` ORDER BY create_time desc [Using filesort]
---------------------------------------------------------------
[ 2017-08-10T10:58:41+08:00 ] 172.17.48.222 60.29.18.51 GET /blog/public/admin/index/article_picture_path?id=32
[ info ] www.gcan.top/blog/public/admin/index/article_picture_path?id=32 [运行时间：0.019851s][吞吐率：50.38req/s] [内存消耗：1,986.42kb] [文件加载：42]
[ info ] [ LANG ] /home/wwwroot/www.gcan.top/blog/thinkphp/lang/zh-cn.php
[ info ] [ ROUTE ] array (
  'type' => 'module',
  'module' => 
  array (
    0 => 'admin',
    1 => 'index',
    2 => 'article_picture_path',
  ),
)
[ info ] [ HEADER ] array (
  'cookie' => 'Hm_lvt_e259303fc49d5b01efef69eb352b749d=1501726377,1501759718,1502333690; Hm_lpvt_e259303fc49d5b01efef69eb352b749d=1502333690; PHPSESSID=13hck5bnv8rbhsb1i9nb0oq4tk',
  'accept-language' => 'zh-CN,zh;q=0.8',
  'accept-encoding' => 'gzip, deflate',
  'referer' => 'http://www.gcan.top/blog/public/admin/index/article_picture',
  'accept' => 'text/html,application/xhtml+xml,application/xml;q=0.9,image/webp,image/apng,*/*;q=0.8',
  'user-agent' => 'Mozilla/5.0 (Windows NT 10.0; Win64; x64) AppleWebKit/537.36 (KHTML, like Gecko) Chrome/59.0.3071.115 Safari/537.36',
  'upgrade-insecure-requests' => '1',
  'connection' => 'keep-alive',
  'host' => 'www.gcan.top',
  'content-type' => '',
  'content-length' => '',
)
[ info ] [ PARAM ] array (
  'id' => '32',
)
[ info ] [ RUN ] app\admin\controller\Index->article_picture_path[ /home/wwwroot/www.gcan.top/blog/application/admin/controller/Index.php ]
[ info ] [ SESSION ] INIT array (
  'id' => '',
  'var_session_id' => '',
  'prefix' => 'think',
  'type' => '',
  'auto_start' => true,
)
[ info ] [ DB ] INIT mysql
[ info ] [ VIEW ] /home/wwwroot/www.gcan.top/blog/public/../application/admin/view/index/article_picture_path.html [ array (
  0 => 'account',
  1 => 'article',
) ]
[ info ] [ LOG ] INIT File
[ sql ] [ DB ] CONNECT:[ UseTime:0.000378s ] mysql:dbname=gcan_sql;host=127.0.0.1;port=3306;charset=utf8
[ sql ] [ SQL ] SHOW COLUMNS FROM `gcan_article` [ RunTime:0.000707s ]
[ sql ] [ SQL ] SELECT * FROM `gcan_article` WHERE  `id` = 32 LIMIT 1 [ RunTime:0.000293s ]
[ sql ] [ EXPLAIN : array (
  'id' => 1,
  'select_type' => 'SIMPLE',
  'table' => 'gcan_article',
  'partitions' => NULL,
  'type' => 'const',
  'possible_keys' => 'PRIMARY',
  'key' => 'PRIMARY',
  'key_len' => '4',
  'ref' => 'const',
  'rows' => 1,
  'filtered' => 100.0,
  'extra' => NULL,
) ]
---------------------------------------------------------------
[ 2017-08-10T10:58:45+08:00 ] 172.17.48.222 60.29.18.51 POST /blog/public/admin/index/update_article_picture_msg
[ info ] www.gcan.top/blog/public/admin/index/update_article_picture_msg [运行时间：0.023386s][吞吐率：42.76req/s] [内存消耗：1,969.43kb] [文件加载：47]
[ info ] [ LANG ] /home/wwwroot/www.gcan.top/blog/thinkphp/lang/zh-cn.php
[ info ] [ ROUTE ] array (
  'type' => 'module',
  'module' => 
  array (
    0 => 'admin',
    1 => 'index',
    2 => 'update_article_picture_msg',
  ),
)
[ info ] [ HEADER ] array (
  'cookie' => 'Hm_lvt_e259303fc49d5b01efef69eb352b749d=1501726377,1501759718,1502333690; Hm_lpvt_e259303fc49d5b01efef69eb352b749d=1502333690; PHPSESSID=13hck5bnv8rbhsb1i9nb0oq4tk',
  'accept-language' => 'zh-CN,zh;q=0.8',
  'accept-encoding' => 'gzip, deflate',
  'referer' => 'http://www.gcan.top/blog/public/admin/index/article_picture_path?id=32',
  'accept' => 'text/html,application/xhtml+xml,application/xml;q=0.9,image/webp,image/apng,*/*;q=0.8',
  'content-type' => 'multipart/form-data; boundary=----WebKitFormBoundaryjA4h3ZYbJ6yiNlcA',
  'user-agent' => 'Mozilla/5.0 (Windows NT 10.0; Win64; x64) AppleWebKit/537.36 (KHTML, like Gecko) Chrome/59.0.3071.115 Safari/537.36',
  'upgrade-insecure-requests' => '1',
  'origin' => 'http://www.gcan.top',
  'cache-control' => 'max-age=0',
  'content-length' => '318',
  'connection' => 'keep-alive',
  'host' => 'www.gcan.top',
)
[ info ] [ PARAM ] array (
  'id' => '32',
  'article_picture' => '/blog/public/static/uploads/article/20170703/a75799b6aa31c8a93a2a67efe433a0f2.jpg',
)
[ info ] [ RUN ] app\admin\controller\Index->update_article_picture_msg[ /home/wwwroot/www.gcan.top/blog/application/admin/controller/Index.php ]
[ info ] [ SESSION ] INIT array (
  'id' => '',
  'var_session_id' => '',
  'prefix' => 'think',
  'type' => '',
  'auto_start' => true,
)
[ info ] [ DB ] INIT mysql
[ info ] [ CACHE ] INIT File
[ info ] [ VIEW ] /home/wwwroot/www.gcan.top/blog/thinkphp/tpl/dispatch_jump.tpl [ array (
  0 => 'account',
  1 => 'code',
  2 => 'msg',
  3 => 'data',
  4 => 'url',
  5 => 'wait',
) ]
[ info ] [ LOG ] INIT File
[ sql ] [ DB ] CONNECT:[ UseTime:0.000381s ] mysql:dbname=gcan_sql;host=127.0.0.1;port=3306;charset=utf8
[ sql ] [ SQL ] SHOW COLUMNS FROM `gcan_article` [ RunTime:0.000657s ]
[ sql ] [ SQL ] UPDATE `gcan_article`  SET `article_picture`='/blog/public/static/uploads/article/20170703/a75799b6aa31c8a93a2a67efe433a0f2.jpg',`create_time`='2017-08-10 10:58:45'  WHERE  `id` = 32 [ RunTime:0.004162s ]
---------------------------------------------------------------
[ 2017-08-10T10:58:48+08:00 ] 172.17.48.222 60.29.18.51 GET /blog/public/admin/index/article_picture.html
[ info ] www.gcan.top/blog/public/admin/index/article_picture.html [运行时间：0.020917s][吞吐率：47.81req/s] [内存消耗：2,012.70kb] [文件加载：42]
[ info ] [ LANG ] /home/wwwroot/www.gcan.top/blog/thinkphp/lang/zh-cn.php
[ info ] [ ROUTE ] array (
  'type' => 'module',
  'module' => 
  array (
    0 => 'admin',
    1 => 'index',
    2 => 'article_picture',
  ),
)
[ info ] [ HEADER ] array (
  'cookie' => 'Hm_lvt_e259303fc49d5b01efef69eb352b749d=1501726377,1501759718,1502333690; Hm_lpvt_e259303fc49d5b01efef69eb352b749d=1502333690; PHPSESSID=13hck5bnv8rbhsb1i9nb0oq4tk',
  'accept-language' => 'zh-CN,zh;q=0.8',
  'accept-encoding' => 'gzip, deflate',
  'referer' => 'http://www.gcan.top/blog/public/admin/index/update_article_picture_msg',
  'accept' => 'text/html,application/xhtml+xml,application/xml;q=0.9,image/webp,image/apng,*/*;q=0.8',
  'user-agent' => 'Mozilla/5.0 (Windows NT 10.0; Win64; x64) AppleWebKit/537.36 (KHTML, like Gecko) Chrome/59.0.3071.115 Safari/537.36',
  'upgrade-insecure-requests' => '1',
  'connection' => 'keep-alive',
  'host' => 'www.gcan.top',
  'content-type' => '',
  'content-length' => '',
)
[ info ] [ PARAM ] array (
)
[ info ] [ RUN ] app\admin\controller\Index->article_picture[ /home/wwwroot/www.gcan.top/blog/application/admin/controller/Index.php ]
[ info ] [ SESSION ] INIT array (
  'id' => '',
  'var_session_id' => '',
  'prefix' => 'think',
  'type' => '',
  'auto_start' => true,
)
[ info ] [ DB ] INIT mysql
[ info ] [ VIEW ] /home/wwwroot/www.gcan.top/blog/public/../application/admin/view/index/article_picture.html [ array (
  0 => 'account',
  1 => 'article_picture',
) ]
[ info ] [ LOG ] INIT File
[ sql ] [ DB ] CONNECT:[ UseTime:0.000411s ] mysql:dbname=gcan_sql;host=127.0.0.1;port=3306;charset=utf8
[ sql ] [ SQL ] SHOW COLUMNS FROM `gcan_article` [ RunTime:0.000681s ]
[ sql ] [ SQL ] SELECT `id`,`title`,`article_picture` FROM `gcan_article` ORDER BY create_time desc [ RunTime:0.000344s ]
[ sql ] [ EXPLAIN : array (
  'id' => 1,
  'select_type' => 'SIMPLE',
  'table' => 'gcan_article',
  'partitions' => NULL,
  'type' => 'ALL',
  'possible_keys' => NULL,
  'key' => NULL,
  'key_len' => NULL,
  'ref' => NULL,
  'rows' => 31,
  'filtered' => 100.0,
  'extra' => 'Using filesort',
) ]
[ warn ] SQL:SELECT `id`,`title`,`article_picture` FROM `gcan_article` ORDER BY create_time desc [Using filesort]
---------------------------------------------------------------
[ 2017-08-10T10:59:04+08:00 ] 172.17.48.222 60.29.18.51 GET /blog/public/
[ info ] www.gcan.top/blog/public/ [运行时间：0.025809s][吞吐率：38.75req/s] [内存消耗：2,149.55kb] [文件加载：45]
[ info ] [ LANG ] /home/wwwroot/www.gcan.top/blog/thinkphp/lang/zh-cn.php
[ info ] [ ROUTE ] array (
  'type' => 'module',
  'module' => 
  array (
    0 => '',
    1 => NULL,
    2 => NULL,
  ),
)
[ info ] [ HEADER ] array (
  'cookie' => 'Hm_lvt_e259303fc49d5b01efef69eb352b749d=1501726377,1501759718,1502333690; Hm_lpvt_e259303fc49d5b01efef69eb352b749d=1502333690; PHPSESSID=13hck5bnv8rbhsb1i9nb0oq4tk',
  'accept-language' => 'zh-CN,zh;q=0.8',
  'accept-encoding' => 'gzip, deflate',
  'accept' => 'text/html,application/xhtml+xml,application/xml;q=0.9,image/webp,image/apng,*/*;q=0.8',
  'user-agent' => 'Mozilla/5.0 (Windows NT 10.0; Win64; x64) AppleWebKit/537.36 (KHTML, like Gecko) Chrome/59.0.3071.115 Safari/537.36',
  'upgrade-insecure-requests' => '1',
  'connection' => 'keep-alive',
  'host' => 'www.gcan.top',
  'content-type' => '',
  'content-length' => '',
)
[ info ] [ PARAM ] array (
)
[ info ] [ RUN ] app\index\controller\Index->index[ /home/wwwroot/www.gcan.top/blog/application/index/controller/Index.php ]
[ info ] [ SESSION ] INIT array (
  'id' => '',
  'var_session_id' => '',
  'prefix' => 'think',
  'type' => '',
  'auto_start' => true,
)
[ info ] [ DB ] INIT mysql
[ info ] [ VIEW ] /home/wwwroot/www.gcan.top/blog/public/../application/index/view/index/index.html [ array (
  0 => 'switch',
  1 => 'account',
  2 => 'access',
  3 => 'recent_article_list',
  4 => 'tag_list',
  5 => 'article_list',
) ]
[ info ] [ LOG ] INIT File
[ sql ] [ DB ] CONNECT:[ UseTime:0.000353s ] mysql:dbname=gcan_sql;host=127.0.0.1;port=3306;charset=utf8
[ sql ] [ SQL ] SHOW COLUMNS FROM `gcan_article` [ RunTime:0.000653s ]
[ sql ] [ SQL ] SELECT * FROM `gcan_article` WHERE  `released` = '1' ORDER BY create_time desc LIMIT 4 [ RunTime:0.000358s ]
[ sql ] [ EXPLAIN : array (
  'id' => 1,
  'select_type' => 'SIMPLE',
  'table' => 'gcan_article',
  'partitions' => NULL,
  'type' => 'ALL',
  'possible_keys' => NULL,
  'key' => NULL,
  'key_len' => NULL,
  'ref' => NULL,
  'rows' => 31,
  'filtered' => 10.0,
  'extra' => 'Using where; Using filesort',
) ]
[ sql ] [ SQL ] SELECT `tag` FROM `gcan_article` [ RunTime:0.000184s ]
[ sql ] [ EXPLAIN : array (
  'id' => 1,
  'select_type' => 'SIMPLE',
  'table' => 'gcan_article',
  'partitions' => NULL,
  'type' => 'ALL',
  'possible_keys' => NULL,
  'key' => NULL,
  'key_len' => NULL,
  'ref' => NULL,
  'rows' => 31,
  'filtered' => 100.0,
  'extra' => NULL,
) ]
[ sql ] [ SQL ] SELECT COUNT(*) AS tp_count FROM `gcan_article` WHERE  `released` = '1' LIMIT 1 [ RunTime:0.000308s ]
[ sql ] [ EXPLAIN : array (
  'id' => 1,
  'select_type' => 'SIMPLE',
  'table' => 'gcan_article',
  'partitions' => NULL,
  'type' => 'ALL',
  'possible_keys' => NULL,
  'key' => NULL,
  'key_len' => NULL,
  'ref' => NULL,
  'rows' => 31,
  'filtered' => 10.0,
  'extra' => 'Using where',
) ]
[ sql ] [ SQL ] SELECT * FROM `gcan_article` WHERE  `released` = '1' ORDER BY create_time desc LIMIT 0,5 [ RunTime:0.000253s ]
[ sql ] [ EXPLAIN : array (
  'id' => 1,
  'select_type' => 'SIMPLE',
  'table' => 'gcan_article',
  'partitions' => NULL,
  'type' => 'ALL',
  'possible_keys' => NULL,
  'key' => NULL,
  'key_len' => NULL,
  'ref' => NULL,
  'rows' => 31,
  'filtered' => 10.0,
  'extra' => 'Using where; Using filesort',
) ]
[ warn ] SQL:SELECT * FROM `gcan_article` WHERE  `released` = :where_released ORDER BY create_time desc LIMIT 4  [Using where; Using filesort]
[ warn ] SQL:SELECT * FROM `gcan_article` WHERE  `released` = :where_released ORDER BY create_time desc LIMIT 0,5  [Using where; Using filesort]
---------------------------------------------------------------
[ 2017-08-10T10:59:11+08:00 ] 172.17.48.222 60.29.18.51 GET /blog/public/admin/index/article
[ info ] www.gcan.top/blog/public/admin/index/article [运行时间：0.022225s][吞吐率：44.99req/s] [内存消耗：2,025.20kb] [文件加载：42]
[ info ] [ LANG ] /home/wwwroot/www.gcan.top/blog/thinkphp/lang/zh-cn.php
[ info ] [ ROUTE ] array (
  'type' => 'module',
  'module' => 
  array (
    0 => 'admin',
    1 => 'index',
    2 => 'article',
  ),
)
[ info ] [ HEADER ] array (
  'cookie' => 'Hm_lvt_e259303fc49d5b01efef69eb352b749d=1501726377,1501759718,1502333690; Hm_lpvt_e259303fc49d5b01efef69eb352b749d=1502333690; PHPSESSID=13hck5bnv8rbhsb1i9nb0oq4tk',
  'accept-language' => 'zh-CN,zh;q=0.8',
  'accept-encoding' => 'gzip, deflate',
  'referer' => 'http://www.gcan.top/blog/public/admin/index/article_picture.html',
  'accept' => 'text/html,application/xhtml+xml,application/xml;q=0.9,image/webp,image/apng,*/*;q=0.8',
  'user-agent' => 'Mozilla/5.0 (Windows NT 10.0; Win64; x64) AppleWebKit/537.36 (KHTML, like Gecko) Chrome/59.0.3071.115 Safari/537.36',
  'upgrade-insecure-requests' => '1',
  'connection' => 'keep-alive',
  'host' => 'www.gcan.top',
  'content-type' => '',
  'content-length' => '',
)
[ info ] [ PARAM ] array (
)
[ info ] [ RUN ] app\admin\controller\Index->article[ /home/wwwroot/www.gcan.top/blog/application/admin/controller/Index.php ]
[ info ] [ SESSION ] INIT array (
  'id' => '',
  'var_session_id' => '',
  'prefix' => 'think',
  'type' => '',
  'auto_start' => true,
)
[ info ] [ DB ] INIT mysql
[ info ] [ VIEW ] /home/wwwroot/www.gcan.top/blog/public/../application/admin/view/index/article.html [ array (
  0 => 'account',
  1 => 'article_list',
) ]
[ info ] [ LOG ] INIT File
[ sql ] [ DB ] CONNECT:[ UseTime:0.000366s ] mysql:dbname=gcan_sql;host=127.0.0.1;port=3306;charset=utf8
[ sql ] [ SQL ] SHOW COLUMNS FROM `gcan_article` [ RunTime:0.000651s ]
[ sql ] [ SQL ] SELECT * FROM `gcan_article` ORDER BY create_time desc [ RunTime:0.000391s ]
[ sql ] [ EXPLAIN : array (
  'id' => 1,
  'select_type' => 'SIMPLE',
  'table' => 'gcan_article',
  'partitions' => NULL,
  'type' => 'ALL',
  'possible_keys' => NULL,
  'key' => NULL,
  'key_len' => NULL,
  'ref' => NULL,
  'rows' => 31,
  'filtered' => 100.0,
  'extra' => 'Using filesort',
) ]
[ warn ] SQL:SELECT * FROM `gcan_article` ORDER BY create_time desc [Using filesort]
---------------------------------------------------------------
[ 2017-08-10T10:59:13+08:00 ] 172.17.48.222 60.29.18.51 GET /blog/public/admin/index/release_article?id=32&released=0
[ info ] www.gcan.top/blog/public/admin/index/release_article?id=32&released=0 [运行时间：0.025350s][吞吐率：39.45req/s] [内存消耗：1,961.64kb] [文件加载：47]
[ info ] [ LANG ] /home/wwwroot/www.gcan.top/blog/thinkphp/lang/zh-cn.php
[ info ] [ ROUTE ] array (
  'type' => 'module',
  'module' => 
  array (
    0 => 'admin',
    1 => 'index',
    2 => 'release_article',
  ),
)
[ info ] [ HEADER ] array (
  'cookie' => 'Hm_lvt_e259303fc49d5b01efef69eb352b749d=1501726377,1501759718,1502333690; Hm_lpvt_e259303fc49d5b01efef69eb352b749d=1502333690; PHPSESSID=13hck5bnv8rbhsb1i9nb0oq4tk',
  'accept-language' => 'zh-CN,zh;q=0.8',
  'accept-encoding' => 'gzip, deflate',
  'referer' => 'http://www.gcan.top/blog/public/admin/index/article',
  'accept' => 'text/html,application/xhtml+xml,application/xml;q=0.9,image/webp,image/apng,*/*;q=0.8',
  'user-agent' => 'Mozilla/5.0 (Windows NT 10.0; Win64; x64) AppleWebKit/537.36 (KHTML, like Gecko) Chrome/59.0.3071.115 Safari/537.36',
  'upgrade-insecure-requests' => '1',
  'connection' => 'keep-alive',
  'host' => 'www.gcan.top',
  'content-type' => '',
  'content-length' => '',
)
[ info ] [ PARAM ] array (
  'id' => '32',
  'released' => '0',
)
[ info ] [ RUN ] app\admin\controller\Index->release_article[ /home/wwwroot/www.gcan.top/blog/application/admin/controller/Index.php ]
[ info ] [ DB ] INIT mysql
[ info ] [ CACHE ] INIT File
[ info ] [ VIEW ] /home/wwwroot/www.gcan.top/blog/thinkphp/tpl/dispatch_jump.tpl [ array (
  0 => 'code',
  1 => 'msg',
  2 => 'data',
  3 => 'url',
  4 => 'wait',
) ]
[ info ] [ LOG ] INIT File
[ sql ] [ DB ] CONNECT:[ UseTime:0.000452s ] mysql:dbname=gcan_sql;host=127.0.0.1;port=3306;charset=utf8
[ sql ] [ SQL ] SHOW COLUMNS FROM `gcan_article` [ RunTime:0.000706s ]
[ sql ] [ SQL ] UPDATE `gcan_article`  SET `released`='1'  WHERE  `id` = 32 [ RunTime:0.004174s ]
---------------------------------------------------------------
[ 2017-08-10T10:59:17+08:00 ] 172.17.48.222 60.29.18.51 GET /blog/public/admin/index/index.html
[ info ] www.gcan.top/blog/public/admin/index/index.html [运行时间：0.020752s][吞吐率：48.19req/s] [内存消耗：2,025.46kb] [文件加载：42]
[ info ] [ LANG ] /home/wwwroot/www.gcan.top/blog/thinkphp/lang/zh-cn.php
[ info ] [ ROUTE ] array (
  'type' => 'module',
  'module' => 
  array (
    0 => 'admin',
    1 => 'index',
    2 => 'index',
  ),
)
[ info ] [ HEADER ] array (
  'cookie' => 'Hm_lvt_e259303fc49d5b01efef69eb352b749d=1501726377,1501759718,1502333690; Hm_lpvt_e259303fc49d5b01efef69eb352b749d=1502333690; PHPSESSID=13hck5bnv8rbhsb1i9nb0oq4tk',
  'accept-language' => 'zh-CN,zh;q=0.8',
  'accept-encoding' => 'gzip, deflate',
  'referer' => 'http://www.gcan.top/blog/public/admin/index/release_article?id=32&released=0',
  'accept' => 'text/html,application/xhtml+xml,application/xml;q=0.9,image/webp,image/apng,*/*;q=0.8',
  'user-agent' => 'Mozilla/5.0 (Windows NT 10.0; Win64; x64) AppleWebKit/537.36 (KHTML, like Gecko) Chrome/59.0.3071.115 Safari/537.36',
  'upgrade-insecure-requests' => '1',
  'connection' => 'keep-alive',
  'host' => 'www.gcan.top',
  'content-type' => '',
  'content-length' => '',
)
[ info ] [ PARAM ] array (
)
[ info ] [ RUN ] app\admin\controller\Index->index[ /home/wwwroot/www.gcan.top/blog/application/admin/controller/Index.php ]
[ info ] [ SESSION ] INIT array (
  'id' => '',
  'var_session_id' => '',
  'prefix' => 'think',
  'type' => '',
  'auto_start' => true,
)
[ info ] [ DB ] INIT mysql
[ info ] [ VIEW ] /home/wwwroot/www.gcan.top/blog/public/../application/admin/view/index/index.html [ array (
  0 => 'account',
  1 => 'article_list',
) ]
[ info ] [ LOG ] INIT File
[ sql ] [ DB ] CONNECT:[ UseTime:0.000349s ] mysql:dbname=gcan_sql;host=127.0.0.1;port=3306;charset=utf8
[ sql ] [ SQL ] SHOW COLUMNS FROM `gcan_article` [ RunTime:0.000635s ]
[ sql ] [ SQL ] SELECT * FROM `gcan_article` ORDER BY create_time desc [ RunTime:0.000374s ]
[ sql ] [ EXPLAIN : array (
  'id' => 1,
  'select_type' => 'SIMPLE',
  'table' => 'gcan_article',
  'partitions' => NULL,
  'type' => 'ALL',
  'possible_keys' => NULL,
  'key' => NULL,
  'key_len' => NULL,
  'ref' => NULL,
  'rows' => 31,
  'filtered' => 100.0,
  'extra' => 'Using filesort',
) ]
[ warn ] SQL:SELECT * FROM `gcan_article` ORDER BY create_time desc [Using filesort]
---------------------------------------------------------------
[ 2017-08-10T10:59:21+08:00 ] 172.17.48.222 60.29.18.51 GET /blog/public/
[ info ] www.gcan.top/blog/public/ [运行时间：0.023717s][吞吐率：42.16req/s] [内存消耗：2,149.77kb] [文件加载：45]
[ info ] [ LANG ] /home/wwwroot/www.gcan.top/blog/thinkphp/lang/zh-cn.php
[ info ] [ ROUTE ] array (
  'type' => 'module',
  'module' => 
  array (
    0 => '',
    1 => NULL,
    2 => NULL,
  ),
)
[ info ] [ HEADER ] array (
  'cookie' => 'Hm_lvt_e259303fc49d5b01efef69eb352b749d=1501726377,1501759718,1502333690; Hm_lpvt_e259303fc49d5b01efef69eb352b749d=1502333690; PHPSESSID=13hck5bnv8rbhsb1i9nb0oq4tk',
  'accept-language' => 'zh-CN,zh;q=0.8',
  'accept-encoding' => 'gzip, deflate',
  'accept' => 'text/html,application/xhtml+xml,application/xml;q=0.9,image/webp,image/apng,*/*;q=0.8',
  'user-agent' => 'Mozilla/5.0 (Windows NT 10.0; Win64; x64) AppleWebKit/537.36 (KHTML, like Gecko) Chrome/59.0.3071.115 Safari/537.36',
  'upgrade-insecure-requests' => '1',
  'cache-control' => 'max-age=0',
  'connection' => 'keep-alive',
  'host' => 'www.gcan.top',
  'content-type' => '',
  'content-length' => '',
)
[ info ] [ PARAM ] array (
)
[ info ] [ RUN ] app\index\controller\Index->index[ /home/wwwroot/www.gcan.top/blog/application/index/controller/Index.php ]
[ info ] [ SESSION ] INIT array (
  'id' => '',
  'var_session_id' => '',
  'prefix' => 'think',
  'type' => '',
  'auto_start' => true,
)
[ info ] [ DB ] INIT mysql
[ info ] [ VIEW ] /home/wwwroot/www.gcan.top/blog/public/../application/index/view/index/index.html [ array (
  0 => 'switch',
  1 => 'account',
  2 => 'access',
  3 => 'recent_article_list',
  4 => 'tag_list',
  5 => 'article_list',
) ]
[ info ] [ LOG ] INIT File
[ sql ] [ DB ] CONNECT:[ UseTime:0.000334s ] mysql:dbname=gcan_sql;host=127.0.0.1;port=3306;charset=utf8
[ sql ] [ SQL ] SHOW COLUMNS FROM `gcan_article` [ RunTime:0.000652s ]
[ sql ] [ SQL ] SELECT * FROM `gcan_article` WHERE  `released` = '1' ORDER BY create_time desc LIMIT 4 [ RunTime:0.000338s ]
[ sql ] [ EXPLAIN : array (
  'id' => 1,
  'select_type' => 'SIMPLE',
  'table' => 'gcan_article',
  'partitions' => NULL,
  'type' => 'ALL',
  'possible_keys' => NULL,
  'key' => NULL,
  'key_len' => NULL,
  'ref' => NULL,
  'rows' => 31,
  'filtered' => 10.0,
  'extra' => 'Using where; Using filesort',
) ]
[ sql ] [ SQL ] SELECT `tag` FROM `gcan_article` [ RunTime:0.000178s ]
[ sql ] [ EXPLAIN : array (
  'id' => 1,
  'select_type' => 'SIMPLE',
  'table' => 'gcan_article',
  'partitions' => NULL,
  'type' => 'ALL',
  'possible_keys' => NULL,
  'key' => NULL,
  'key_len' => NULL,
  'ref' => NULL,
  'rows' => 31,
  'filtered' => 100.0,
  'extra' => NULL,
) ]
[ sql ] [ SQL ] SELECT COUNT(*) AS tp_count FROM `gcan_article` WHERE  `released` = '1' LIMIT 1 [ RunTime:0.000216s ]
[ sql ] [ EXPLAIN : array (
  'id' => 1,
  'select_type' => 'SIMPLE',
  'table' => 'gcan_article',
  'partitions' => NULL,
  'type' => 'ALL',
  'possible_keys' => NULL,
  'key' => NULL,
  'key_len' => NULL,
  'ref' => NULL,
  'rows' => 31,
  'filtered' => 10.0,
  'extra' => 'Using where',
) ]
[ sql ] [ SQL ] SELECT * FROM `gcan_article` WHERE  `released` = '1' ORDER BY create_time desc LIMIT 0,5 [ RunTime:0.000274s ]
[ sql ] [ EXPLAIN : array (
  'id' => 1,
  'select_type' => 'SIMPLE',
  'table' => 'gcan_article',
  'partitions' => NULL,
  'type' => 'ALL',
  'possible_keys' => NULL,
  'key' => NULL,
  'key_len' => NULL,
  'ref' => NULL,
  'rows' => 31,
  'filtered' => 10.0,
  'extra' => 'Using where; Using filesort',
) ]
[ warn ] SQL:SELECT * FROM `gcan_article` WHERE  `released` = :where_released ORDER BY create_time desc LIMIT 4  [Using where; Using filesort]
[ warn ] SQL:SELECT * FROM `gcan_article` WHERE  `released` = :where_released ORDER BY create_time desc LIMIT 0,5  [Using where; Using filesort]
